Output for New Order Transaction
Customer identifier: (1, 1, 1107, 'ABLEATIONPRES', 'GC', 0.4876)
W_TAX:0.1022, D_TAX:0.1832
O_ID: 3002, O_ENTRY_D: 2021-11-02 13:40:18.666415
NUM_ITEMS: 5, TOTAL_AMOUNT: 774.6516264144001
Item 1:
ITEM_NUMBER: 5031
I_NAME: eppprxnjvmlvtbleeqtldws
SUPPLIER_WAREHOUSE: 1
QUANTITY: 8
OL_AMOUNT: 567.28
S_QUANTITY: 103.0
Item 2:
ITEM_NUMBER: 15805
I_NAME: iofjnrbnfiaqsvkh
SUPPLIER_WAREHOUSE: 1
QUANTITY: 1
OL_AMOUNT: 12.23
S_QUANTITY: 81.0
Item 3:
ITEM_NUMBER: 40166
I_NAME: nxgtdmkncfcwnjmyhwgzasw
SUPPLIER_WAREHOUSE: 1
QUANTITY: 5
OL_AMOUNT: 117.95
S_QUANTITY: 88.0
Item 4:
ITEM_NUMBER: 50823
I_NAME: utlfqcxuvpfjlfihse
SUPPLIER_WAREHOUSE: 1
QUANTITY: 8
OL_AMOUNT: 240.0
S_QUANTITY: 71.0
Item 5:
ITEM_NUMBER: 81635
I_NAME: grwfcdgahmqevdjpqni
SUPPLIER_WAREHOUSE: 1
QUANTITY: 4
OL_AMOUNT: 238.68
S_QUANTITY: 60.0
End of output for New Order Transaction
PROCESSING TIME: 35 ms
1 35 3.5e-08 28571428.57142857 3.5e-05 3.5e-05 3.5e-05 3.5e-05
