Customer name and balance (C_FIRST, C_MIDDLE, C_LAST, C_BALANCE): ('xqquzvmlaj', 'OE', 'ATIONPRESPRES', -10.0)
Customer last order (O_ID, O_ENTRY_D, O_CARRIER_ID): (1981, datetime.datetime(2021, 8, 27, 9, 50, 37, 83000), 4)
Items in last order: (OL_I_ID, OL_SUPPLY_W_ID, OL_QUANTITY, OL_AMOUNT, OL_DELIVERY_D)
    (7279, 6, 5.0, 9.0, datetime.datetime(2021, 8, 27, 9, 50, 37, 83000))
    (8076, 6, 5.0, 156.0, datetime.datetime(2021, 8, 27, 9, 50, 37, 83000))
    (11406, 6, 5.0, 151.0, datetime.datetime(2021, 8, 27, 9, 50, 37, 83000))
    (20558, 6, 5.0, 19.0, datetime.datetime(2021, 8, 27, 9, 50, 37, 83000))
    (23414, 6, 5.0, 76.0, datetime.datetime(2021, 8, 27, 9, 50, 37, 83000))
    (26628, 6, 5.0, 99.0, datetime.datetime(2021, 8, 27, 9, 50, 37, 83000))
    (31225, 6, 5.0, 17.0, datetime.datetime(2021, 8, 27, 9, 50, 37, 83000))
    (33066, 6, 5.0, 42.0, datetime.datetime(2021, 8, 27, 9, 50, 37, 83000))
    (36918, 6, 5.0, 103.0, datetime.datetime(2021, 8, 27, 9, 50, 37, 83000))
    (47736, 6, 5.0, 199.0, datetime.datetime(2021, 8, 27, 9, 50, 37, 83000))
    (53005, 6, 5.0, 177.0, datetime.datetime(2021, 8, 27, 9, 50, 37, 83000))
    (73903, 6, 5.0, 119.0, datetime.datetime(2021, 8, 27, 9, 50, 37, 83000))
    (73956, 6, 5.0, 69.0, datetime.datetime(2021, 8, 27, 9, 50, 37, 83000))
    (80557, 6, 5.0, 91.0, datetime.datetime(2021, 8, 27, 9, 50, 37, 83000))
    (83899, 6, 5.0, 19.0, datetime.datetime(2021, 8, 27, 9, 50, 37, 83000))
    (84977, 6, 5.0, 156.0, datetime.datetime(2021, 8, 27, 9, 50, 37, 83000))
    (85348, 6, 5.0, 126.0, datetime.datetime(2021, 8, 27, 9, 50, 37, 83000))
    (85442, 6, 5.0, 88.0, datetime.datetime(2021, 8, 27, 9, 50, 37, 83000))
    (98668, 6, 5.0, 161.0, datetime.datetime(2021, 8, 27, 9, 50, 37, 83000))
PROCESSING TIME: 8 ms
Customer name and balance (C_FIRST, C_MIDDLE, C_LAST, C_BALANCE): ('zawdzggsymm', 'OE', 'ANTIBARPRES', -10.0)
Customer last order (O_ID, O_ENTRY_D, O_CARRIER_ID): (937, datetime.datetime(2021, 8, 27, 9, 50, 38, 276000), 1)
Items in last order: (OL_I_ID, OL_SUPPLY_W_ID, OL_QUANTITY, OL_AMOUNT, OL_DELIVERY_D)
    (3933, 8, 5.0, 10.0, datetime.datetime(2021, 8, 27, 9, 50, 38, 276000))
    (5173, 8, 5.0, 107.0, datetime.datetime(2021, 8, 27, 9, 50, 38, 276000))
    (17044, 8, 5.0, 190.0, datetime.datetime(2021, 8, 27, 9, 50, 38, 276000))
    (23021, 8, 5.0, 108.0, datetime.datetime(2021, 8, 27, 9, 50, 38, 276000))
    (24067, 8, 5.0, 145.0, datetime.datetime(2021, 8, 27, 9, 50, 38, 276000))
    (29900, 8, 5.0, 7.0, datetime.datetime(2021, 8, 27, 9, 50, 38, 276000))
    (32211, 8, 5.0, 117.0, datetime.datetime(2021, 8, 27, 9, 50, 38, 276000))
    (43891, 8, 5.0, 53.0, datetime.datetime(2021, 8, 27, 9, 50, 38, 276000))
    (46571, 8, 5.0, 97.0, datetime.datetime(2021, 8, 27, 9, 50, 38, 276000))
    (51615, 8, 5.0, 126.0, datetime.datetime(2021, 8, 27, 9, 50, 38, 276000))
    (53195, 8, 5.0, 126.0, datetime.datetime(2021, 8, 27, 9, 50, 38, 276000))
    (59014, 8, 5.0, 98.0, datetime.datetime(2021, 8, 27, 9, 50, 38, 276000))
    (62089, 8, 5.0, 32.0, datetime.datetime(2021, 8, 27, 9, 50, 38, 276000))
    (67155, 8, 5.0, 191.0, datetime.datetime(2021, 8, 27, 9, 50, 38, 276000))
    (72035, 8, 5.0, 73.0, datetime.datetime(2021, 8, 27, 9, 50, 38, 276000))
    (79774, 8, 5.0, 68.0, datetime.datetime(2021, 8, 27, 9, 50, 38, 276000))
    (80584, 8, 5.0, 93.0, datetime.datetime(2021, 8, 27, 9, 50, 38, 276000))
    (80619, 8, 5.0, 149.0, datetime.datetime(2021, 8, 27, 9, 50, 38, 276000))
    (86309, 8, 5.0, 150.0, datetime.datetime(2021, 8, 27, 9, 50, 38, 276000))
    (98583, 8, 5.0, 159.0, datetime.datetime(2021, 8, 27, 9, 50, 38, 276000))
PROCESSING TIME: 8 ms
Customer name and balance (C_FIRST, C_MIDDLE, C_LAST, C_BALANCE): ('bkpccmh', 'OE', 'EINGEINGEING', -10.0)
Customer last order (O_ID, O_ENTRY_D, O_CARRIER_ID): (612, datetime.datetime(2021, 8, 27, 9, 50, 38, 417000), 9)
Items in last order: (OL_I_ID, OL_SUPPLY_W_ID, OL_QUANTITY, OL_AMOUNT, OL_DELIVERY_D)
    (302, 8, 5.0, 147.0, datetime.datetime(2021, 8, 27, 9, 50, 38, 417000))
    (1870, 8, 5.0, 156.0, datetime.datetime(2021, 8, 27, 9, 50, 38, 417000))
    (6354, 8, 5.0, 35.0, datetime.datetime(2021, 8, 27, 9, 50, 38, 417000))
    (7153, 8, 5.0, 120.0, datetime.datetime(2021, 8, 27, 9, 50, 38, 417000))
    (20351, 8, 5.0, 141.0, datetime.datetime(2021, 8, 27, 9, 50, 38, 417000))
    (27096, 8, 5.0, 125.0, datetime.datetime(2021, 8, 27, 9, 50, 38, 417000))
    (27147, 8, 5.0, 42.0, datetime.datetime(2021, 8, 27, 9, 50, 38, 417000))
    (27739, 8, 5.0, 42.0, datetime.datetime(2021, 8, 27, 9, 50, 38, 417000))
    (30223, 8, 5.0, 119.0, datetime.datetime(2021, 8, 27, 9, 50, 38, 417000))
    (37694, 8, 5.0, 8.0, datetime.datetime(2021, 8, 27, 9, 50, 38, 417000))
    (37964, 8, 5.0, 27.0, datetime.datetime(2021, 8, 27, 9, 50, 38, 417000))
    (40202, 8, 5.0, 185.0, datetime.datetime(2021, 8, 27, 9, 50, 38, 417000))
    (42652, 8, 5.0, 132.0, datetime.datetime(2021, 8, 27, 9, 50, 38, 417000))
    (66049, 8, 5.0, 56.0, datetime.datetime(2021, 8, 27, 9, 50, 38, 417000))
    (68526, 8, 5.0, 139.0, datetime.datetime(2021, 8, 27, 9, 50, 38, 417000))
    (75479, 8, 5.0, 185.0, datetime.datetime(2021, 8, 27, 9, 50, 38, 417000))
    (89539, 8, 5.0, 105.0, datetime.datetime(2021, 8, 27, 9, 50, 38, 417000))
    (90615, 8, 5.0, 154.0, datetime.datetime(2021, 8, 27, 9, 50, 38, 417000))
    (99167, 8, 5.0, 182.0, datetime.datetime(2021, 8, 27, 9, 50, 38, 417000))
PROCESSING TIME: 8 ms
1 24 2.4e-08 125000000.0 8e-06 8e-06 8e-06 8e-06
