District identifier (W_ID, D_ID): 2,2
Number of orders to examine: 17
Orders in S: (O_ID, O_ENTRY_D, C_FIRST, C_MIDDLE, C_LAST)
    (2987, datetime.datetime(2021, 8, 27, 9, 50, 34, 89000), 'xmrvwqlqij', 'OE', 'PRIOUGHTANTI')
    (2994, datetime.datetime(2021, 8, 27, 9, 50, 34, 89000), 'lwosvpraud', 'OE', 'OUGHTABLEPRI')
    (2983, datetime.datetime(2021, 8, 27, 9, 50, 34, 89000), 'gwgvcofehjofwz', 'OE', 'OUGHTATIONEING')
    (2986, datetime.datetime(2021, 8, 27, 9, 50, 34, 89000), 'efvhfstvstpbfj', 'OE', 'ESEBARATION')
    (2990, datetime.datetime(2021, 8, 27, 9, 50, 34, 89000), 'uxrbwusyazubg', 'OE', 'ANTIBARPRI')
    (2993, datetime.datetime(2021, 8, 27, 9, 50, 34, 89000), 'sfmgdrd', 'OE', 'EINGEINGBAR')
    (2981, datetime.datetime(2021, 8, 27, 9, 50, 34, 89000), 'rnrjskbl', 'OE', 'PRESBARBAR')
    (2982, datetime.datetime(2021, 8, 27, 9, 50, 34, 89000), 'dlqsfklcfzzw', 'OE', 'ANTIPRESPRES')
    (2984, datetime.datetime(2021, 8, 27, 9, 50, 34, 89000), 'yybwbjnhz', 'OE', 'ABLEATIONANTI')
    (2985, datetime.datetime(2021, 8, 27, 9, 50, 34, 89000), 'rnsbhhe', 'OE', 'OUGHTOUGHTANTI')
    (2988, datetime.datetime(2021, 8, 27, 9, 50, 34, 89000), 'zwiaxdzb', 'OE', 'ATIONPRESPRES')
    (2989, datetime.datetime(2021, 8, 27, 9, 50, 34, 89000), 'htulpjdbrbv', 'OE', 'PRESBARPRI')
    (2991, datetime.datetime(2021, 8, 27, 9, 50, 34, 89000), 'prkoyrwjelxw', 'OE', 'EINGPRESCALLY')
    (2992, datetime.datetime(2021, 8, 27, 9, 50, 34, 89000), 'owlhcmqevm', 'OE', 'ANTIESEOUGHT')
    (2979, datetime.datetime(2021, 8, 27, 9, 50, 34, 89000), 'jonashswielg', 'OE', 'ATIONEINGATION')
    (2980, datetime.datetime(2021, 8, 27, 9, 50, 34, 89000), 'vtftfbqdpbegaol', 'OE', 'EINGABLEOUGHT')
    (2995, datetime.datetime(2021, 8, 27, 9, 50, 34, 89000), 'ajzwfanfagrxsq', 'OE', 'CALLYPRESPRI')
Popular items (I_NAME, OL_QUANTITY):
    ('ejguwfghfctxht', 278, 5.0)
    ('gexshujmzgdkviwptsl', 306, 5.0)
    ('mcbiclylxszmyxiseuie', 692, 5.0)
    ('qvollchnevqngizxtqap', 814, 5.0)
    ('vpwezhliudcudfz', 825, 5.0)
    ('ivxzofpquoybbhjoovinp', 867, 5.0)
    ('tcxecxnierlxjegpuby', 1014, 5.0)
    ('rcsiqxldutldtbjy', 3126, 5.0)
    ('dhypikkmpvofivuldcuvion', 3317, 5.0)
    ('rbtpraqdxwrrovvupuw', 3738, 5.0)
    ('ywnzqpzugittfur', 4701, 5.0)
    ('nepacwgqvikibh', 5072, 5.0)
    ('ubqieberghfokigjsxml', 5405, 5.0)
    ('uxnxmfjuxtgswnu', 6901, 5.0)
    ('xvaikupntegiqvuzp', 7603, 5.0)
    ('dgdjzgkrlvkuaqx', 8143, 5.0)
    ('tjccoeyfrsnjdw', 8209, 5.0)
    ('fwihryzvvjbjv', 8270, 5.0)
    ('nxwjylmevomrs', 8355, 5.0)
    ('aihajvipaharejizejpo', 9321, 5.0)
    ('qbiyrdwdlnkfmqabrfxrdk', 9338, 5.0)
    ('ncqbceoxsupdksqtflfzrb', 10066, 5.0)
    ('eqraiceonurvyhc', 10852, 5.0)
    ('frssfpraubmofwlq', 11727, 5.0)
    ('lnyggilkgvhzswro', 11808, 5.0)
    ('rrxxmvejqjhhuim', 12493, 5.0)
    ('oyyzdpyzukscduvgdb', 13272, 5.0)
    ('beynoeivitxxrfbzefqu', 13308, 5.0)
    ('opyqbvlafdfatmckd', 14090, 5.0)
    ('lufiscylxoouzwoe', 14116, 5.0)
    ('cgzlhtnzafwdkctrrj', 14855, 5.0)
    ('zgnbkcjmzoroi', 15372, 5.0)
    ('ujbqmstounxsupclmsy', 16155, 5.0)
    ('vanqdpcpvdwqruvzypnv', 16820, 5.0)
    ('jfjgelqlgukiwmrototg', 17054, 5.0)
    ('djfzzlydvrgtrfulapq', 17113, 5.0)
    ('pbocryncwttcwmchdouy', 17415, 5.0)
    ('aofqvfqjurjvidrnswv', 17637, 5.0)
    ('yihhmwxvecgzcnwwe', 18143, 5.0)
    ('fbvxowhopyifm', 18551, 5.0)
    ('dsdkdrtwtldzrcdgh', 19230, 5.0)
    ('ncnbkvkqzkuysrdxzoxeowj', 19493, 5.0)
    ('mazwdcptwvlzyewjrjs', 19950, 5.0)
    ('hrfcxvdpzyyvhxuvcvrg', 20202, 5.0)
    ('idneqejugnffyturfxalgrh', 20772, 5.0)
    ('xjrcjhhsccpkuyuolmitorz', 20842, 5.0)
    ('rrhivrbcqikuo', 20923, 5.0)
    ('rirrwybeyemrgs', 21640, 5.0)
    ('detovqukqonclcpwofs', 22657, 5.0)
    ('ithtymgwrezztqz', 23742, 5.0)
    ('mlztvawxecxpvbiuo', 23900, 5.0)
    ('gfdtmxlpqtdviwnh', 24066, 5.0)
    ('ehezrddhrvxkv', 25008, 5.0)
    ('hzxjrshhnuqdjvvrrwj', 25551, 5.0)
    ('ifpsyhnikqwqlvukfx', 26605, 5.0)
    ('jgtfwyeayuwnprlqmjfw', 27666, 5.0)
    ('uadswjbpcldbcrjursigke', 27921, 5.0)
    ('dfxhikbhbqtvhtj', 28015, 5.0)
    ('mawhilimckihyhxl', 28037, 5.0)
    ('lzsxxopktnyiixopmvpts', 29508, 5.0)
    ('ukcdbmjjqluiczcnlgyaoop', 30508, 5.0)
    ('wzuxhxpojvhfgyryxbysopy', 33141, 5.0)
    ('anhodppvzxhkevc', 33148, 5.0)
    ('hpogrbrdndkjpvzoyaihgo', 33598, 5.0)
    ('nrgcvhxgetaavd', 33712, 5.0)
    ('recrhkngsjello', 34658, 5.0)
    ('jbeficofqjmkkrrg', 35438, 5.0)
    ('ksldcwywckhetzqterwtzpc', 35625, 5.0)
    ('jtikqslrgzeucnjli', 36001, 5.0)
    ('atuubqihhkidi', 36355, 5.0)
    ('yaexpoqdzbjhajxbhkqfjbq', 36780, 5.0)
    ('tulcjwsgtumbofhlqhe', 37002, 5.0)
    ('gbgeqlturtusqa', 38712, 5.0)
    ('xcaopzuvykwrurg', 39606, 5.0)
    ('ptlemkgcesvafmnjc', 39895, 5.0)
    ('vdjwilhipkxbmot', 40639, 5.0)
    ('zarqbegnifpjtivblk', 40879, 5.0)
    ('rsszjapiyelwmbtjeep', 41854, 5.0)
    ('upbajggriuwubiru', 42217, 5.0)
    ('sofcruhmuwfwawofczspex', 42233, 5.0)
    ('bnxgpernirvduz', 42347, 5.0)
    ('jahchmdhoqsbhcthcuq', 42847, 5.0)
    ('lhhkicugkqxwemevu', 43236, 5.0)
    ('ysummqvyqwghmxvgdboywx', 43276, 5.0)
    ('jjbjjkhvowwnneliivelzgg', 43817, 5.0)
    ('ruomdcebkyvapujgwoxlfdl', 44062, 5.0)
    ('hrprtqrfsyucrzzflwblxj', 44112, 5.0)
    ('dkvuxajtlsivjbaxar', 44486, 5.0)
    ('lwostvoyuzcgwhgxpuutf', 45145, 5.0)
    ('cvdpwkqsdpwrmiom', 45246, 5.0)
    ('tyhtorurzfgcykddbileat', 45383, 5.0)
    ('nahzczqgcuiayuqxnda', 45513, 5.0)
    ('jsjhzeeglgexp', 46355, 5.0)
    ('fhrocxyvfsffjg', 46646, 5.0)
    ('vdgfpgkshkcqd', 46770, 5.0)
    ('wfhvgduxuxldzjnpy', 46877, 5.0)
    ('jgyzquugppzalkldwug', 47959, 5.0)
    ('tnhjdxxnbwijk', 48585, 5.0)
    ('jgqlnouqlsvummahsqzthtg', 49800, 5.0)
    ('mvteqocjnykiscwhyuez', 49954, 5.0)
    ('tzvaksnzbugkyqcnie', 50791, 5.0)
    ('uzhwhuknktamxpfsoa', 50794, 5.0)
    ('fhcivdgmbmgpsdavtvfd', 50949, 5.0)
    ('kpzewzmdmuitmsx', 51045, 5.0)
    ('egcwxhtcwvaqlobguwvx', 51596, 5.0)
    ('ylprpgegksrhyjkwasbwgo', 51948, 5.0)
    ('wetuedzkejmnxthacznxazt', 52343, 5.0)
    ('nwieerhzbvsfbjmzvil', 52565, 5.0)
    ('dholcouhsggbqw', 54194, 5.0)
    ('dsikuxzunemxbtcdim', 54219, 5.0)
    ('shttkxftkyoeawoc', 54285, 5.0)
    ('yxaweeeomotrdazbaxuty', 54617, 5.0)
    ('bveizvpcnqozfomtdff', 57660, 5.0)
    ('exfyntlcniefr', 59072, 5.0)
    ('ybhypbsbdxxleptvl', 59842, 5.0)
    ('rixbttnlddgby', 60103, 5.0)
    ('onnoawnzjiurjsgis', 60185, 5.0)
    ('rhburwxucujzp', 60814, 5.0)
    ('qzygqjxvsbbssf', 60910, 5.0)
    ('xsxdhgyqttaccog', 61729, 5.0)
    ('lltpclykgtpibyhucp', 62385, 5.0)
    ('egfeutnutilfyrsovaq', 63323, 5.0)
    ('ttqdkhfkbdnzcuwxierim', 63710, 5.0)
    ('xzzbbzetwdfxopa', 65228, 5.0)
    ('ulqltbxdivewkqbqali', 66222, 5.0)
    ('frwdlxrcwapdappyhytu', 67786, 5.0)
    ('emiugpjbgvvcolkn', 68166, 5.0)
    ('mhwblibmrwhetesrvpktdu', 68532, 5.0)
    ('iofjygcvsepqcrokscd', 68730, 5.0)
    ('txpwdcyhihzcewmddwpacjh', 69131, 5.0)
    ('pewrhqxhtazmucwtuecm', 69320, 5.0)
    ('yhqksoemalsushv', 69534, 5.0)
    ('dgrzfacajoaoorwlhytr', 69752, 5.0)
    ('rupzbojupodhpfp', 70269, 5.0)
    ('mkzjmaqndgzsdisalqw', 70282, 5.0)
    ('uxjnzlrkhtevndudlq', 70570, 5.0)
    ('tdujmpnybuepzeg', 70916, 5.0)
    ('cdagbbbzffogtkcpdsxu', 71327, 5.0)
    ('hmumuhyjhdbtsyclhokt', 72552, 5.0)
    ('asovpmgaslmvy', 72706, 5.0)
    ('dktsxubxmkeiggbu', 73359, 5.0)
    ('lynjowzgdesnbfnqudegwdd', 73974, 5.0)
    ('iwddwipmcmgbjvansihcsn', 74198, 5.0)
    ('xacbyfpoibjrr', 74511, 5.0)
    ('ztjlanqrrakbl', 74922, 5.0)
    ('sujeraalyzzxiyg', 75916, 5.0)
    ('pfztxcphrownwcekjgdf', 76224, 5.0)
    ('twbyunxzrcdpkmuf', 76652, 5.0)
    ('unlkauyxpzlbnicwhca', 76762, 5.0)
    ('mjujgmifivfmlmbzklikvd', 76803, 5.0)
    ('ikhjycpfhnbwwbr', 76831, 5.0)
    ('rloxbukpuzylfeazxwylyg', 77038, 5.0)
    ('ovwyvbuthwockuvs', 77133, 5.0)
    ('hnxngsqyeybcjull', 77505, 5.0)
    ('gcrgfvgtcovqx', 78071, 5.0)
    ('lxamcycfwexau', 78353, 5.0)
    ('wbpaknjkjwznz', 78619, 5.0)
    ('rewcewxabdzmcgphif', 78725, 5.0)
    ('ombvztvkgqrfzahvdz', 78876, 5.0)
    ('lifkwpseqrfeoynvbyf', 79421, 5.0)
    ('yvphkqdvluglqeth', 80215, 5.0)
    ('ctehswdsazfnsjyk', 80688, 5.0)
    ('dwfghvruywkivflrdt', 81091, 5.0)
    ('wnlrtafqubgds', 81568, 5.0)
    ('naaqdmxkgqvzddpw', 82976, 5.0)
    ('bdxeckiabpadlytnxumagb', 83035, 5.0)
    ('gmntcfirjixjo', 83523, 5.0)
    ('lnpxcyqxdiitxqqdipba', 83548, 5.0)
    ('gyxnouqolqrmkxo', 83937, 5.0)
    ('mawcgjeranckjurpyrbovc', 83959, 5.0)
    ('bcfmvuleawclfrgmc', 85118, 5.0)
    ('kwfufqundcwulcbcndn', 85242, 5.0)
    ('qhmercecjtpsvwvmjaxvlg', 85733, 5.0)
    ('nynqdrmruojvv', 85924, 5.0)
    ('yzhycwkhqtfmsotxybok', 86919, 5.0)
    ('zbhlprynlrjxxspmozdvh', 87353, 5.0)
    ('ogmtilimriqwsimhgjeswnn', 87955, 5.0)
    ('ozbwjqdwtabjrzzvctrdsk', 88155, 5.0)
    ('vonrjttjsbifhzzxl', 88398, 5.0)
    ('huguicfggmdnzrosdarzhm', 88411, 5.0)
    ('eydpsjfgkmjbmzcdx', 88578, 5.0)
    ('cqybkfjczhesedjd', 90103, 5.0)
    ('okkkaxzqlpojscv', 90231, 5.0)
    ('ibsaotxdjhxyoa', 90264, 5.0)
    ('mfwldtienuxeyuluyaqh', 90794, 5.0)
    ('wdpgpfevgwlchogw', 91501, 5.0)
    ('xrkhsqwcxbitmpakfc', 91793, 5.0)
    ('jbomddiergwruveiz', 92721, 5.0)
    ('vmcioedsaizhaesadwhymzp', 92945, 5.0)
    ('biolkmcsfhczrty', 93439, 5.0)
    ('yruhyojhvjgytmnoznc', 93876, 5.0)
    ('owpipqbbbjbkphazcj', 94201, 5.0)
    ('pexjxxegnrcgkniqdtddvy', 96079, 5.0)
    ('miifatpdqrphijxehcnx', 96449, 5.0)
    ('zonrshhkivmpegdjnlr', 96657, 5.0)
    ('edarojnhroutxtcmuvqsipo', 97478, 5.0)
    ('zqridftezarnmazoowus', 98269, 5.0)
    ('eyamqrxtddbulzdtnwsol', 98707, 5.0)
    ('grcbqxmxpzwlegotosqg', 98830, 5.0)
    ('qiyvluwqvrgjxzwolaxyz', 98950, 5.0)
    ('vggoluseysypd', 99016, 5.0)
    ('ycjlxqfcjuopxkdsmtpx', 99057, 5.0)
Percentage of examined orders that contain each popular item (I_NAME, percentage):
    ('ejguwfghfctxht', Decimal('5.882352941176470588200'))
    ('gexshujmzgdkviwptsl', Decimal('5.882352941176470588200'))
    ('mcbiclylxszmyxiseuie', Decimal('5.882352941176470588200'))
    ('qvollchnevqngizxtqap', Decimal('5.882352941176470588200'))
    ('vpwezhliudcudfz', Decimal('5.882352941176470588200'))
    ('ivxzofpquoybbhjoovinp', Decimal('5.882352941176470588200'))
    ('tcxecxnierlxjegpuby', Decimal('5.882352941176470588200'))
    ('rcsiqxldutldtbjy', Decimal('5.882352941176470588200'))
    ('dhypikkmpvofivuldcuvion', Decimal('5.882352941176470588200'))
    ('rbtpraqdxwrrovvupuw', Decimal('5.882352941176470588200'))
    ('ywnzqpzugittfur', Decimal('5.882352941176470588200'))
    ('nepacwgqvikibh', Decimal('5.882352941176470588200'))
    ('ubqieberghfokigjsxml', Decimal('5.882352941176470588200'))
    ('uxnxmfjuxtgswnu', Decimal('5.882352941176470588200'))
    ('xvaikupntegiqvuzp', Decimal('5.882352941176470588200'))
    ('dgdjzgkrlvkuaqx', Decimal('5.882352941176470588200'))
    ('tjccoeyfrsnjdw', Decimal('5.882352941176470588200'))
    ('fwihryzvvjbjv', Decimal('5.882352941176470588200'))
    ('nxwjylmevomrs', Decimal('5.882352941176470588200'))
    ('aihajvipaharejizejpo', Decimal('5.882352941176470588200'))
    ('qbiyrdwdlnkfmqabrfxrdk', Decimal('5.882352941176470588200'))
    ('ncqbceoxsupdksqtflfzrb', Decimal('5.882352941176470588200'))
    ('eqraiceonurvyhc', Decimal('5.882352941176470588200'))
    ('frssfpraubmofwlq', Decimal('5.882352941176470588200'))
    ('lnyggilkgvhzswro', Decimal('5.882352941176470588200'))
    ('rrxxmvejqjhhuim', Decimal('5.882352941176470588200'))
    ('oyyzdpyzukscduvgdb', Decimal('5.882352941176470588200'))
    ('beynoeivitxxrfbzefqu', Decimal('5.882352941176470588200'))
    ('opyqbvlafdfatmckd', Decimal('5.882352941176470588200'))
    ('lufiscylxoouzwoe', Decimal('5.882352941176470588200'))
    ('cgzlhtnzafwdkctrrj', Decimal('5.882352941176470588200'))
    ('zgnbkcjmzoroi', Decimal('5.882352941176470588200'))
    ('ujbqmstounxsupclmsy', Decimal('5.882352941176470588200'))
    ('vanqdpcpvdwqruvzypnv', Decimal('5.882352941176470588200'))
    ('jfjgelqlgukiwmrototg', Decimal('5.882352941176470588200'))
    ('djfzzlydvrgtrfulapq', Decimal('5.882352941176470588200'))
    ('pbocryncwttcwmchdouy', Decimal('5.882352941176470588200'))
    ('aofqvfqjurjvidrnswv', Decimal('5.882352941176470588200'))
    ('yihhmwxvecgzcnwwe', Decimal('5.882352941176470588200'))
    ('fbvxowhopyifm', Decimal('5.882352941176470588200'))
    ('dsdkdrtwtldzrcdgh', Decimal('5.882352941176470588200'))
    ('ncnbkvkqzkuysrdxzoxeowj', Decimal('5.882352941176470588200'))
    ('mazwdcptwvlzyewjrjs', Decimal('5.882352941176470588200'))
    ('hrfcxvdpzyyvhxuvcvrg', Decimal('5.882352941176470588200'))
    ('idneqejugnffyturfxalgrh', Decimal('5.882352941176470588200'))
    ('xjrcjhhsccpkuyuolmitorz', Decimal('5.882352941176470588200'))
    ('rrhivrbcqikuo', Decimal('5.882352941176470588200'))
    ('rirrwybeyemrgs', Decimal('5.882352941176470588200'))
    ('detovqukqonclcpwofs', Decimal('5.882352941176470588200'))
    ('ithtymgwrezztqz', Decimal('5.882352941176470588200'))
    ('mlztvawxecxpvbiuo', Decimal('5.882352941176470588200'))
    ('gfdtmxlpqtdviwnh', Decimal('5.882352941176470588200'))
    ('ehezrddhrvxkv', Decimal('5.882352941176470588200'))
    ('hzxjrshhnuqdjvvrrwj', Decimal('5.882352941176470588200'))
    ('ifpsyhnikqwqlvukfx', Decimal('5.882352941176470588200'))
    ('jgtfwyeayuwnprlqmjfw', Decimal('5.882352941176470588200'))
    ('uadswjbpcldbcrjursigke', Decimal('5.882352941176470588200'))
    ('dfxhikbhbqtvhtj', Decimal('5.882352941176470588200'))
    ('mawhilimckihyhxl', Decimal('5.882352941176470588200'))
    ('lzsxxopktnyiixopmvpts', Decimal('5.882352941176470588200'))
    ('ukcdbmjjqluiczcnlgyaoop', Decimal('5.882352941176470588200'))
    ('wzuxhxpojvhfgyryxbysopy', Decimal('5.882352941176470588200'))
    ('anhodppvzxhkevc', Decimal('5.882352941176470588200'))
    ('hpogrbrdndkjpvzoyaihgo', Decimal('5.882352941176470588200'))
    ('nrgcvhxgetaavd', Decimal('5.882352941176470588200'))
    ('recrhkngsjello', Decimal('5.882352941176470588200'))
    ('jbeficofqjmkkrrg', Decimal('5.882352941176470588200'))
    ('ksldcwywckhetzqterwtzpc', Decimal('5.882352941176470588200'))
    ('jtikqslrgzeucnjli', Decimal('5.882352941176470588200'))
    ('atuubqihhkidi', Decimal('5.882352941176470588200'))
    ('yaexpoqdzbjhajxbhkqfjbq', Decimal('5.882352941176470588200'))
    ('tulcjwsgtumbofhlqhe', Decimal('5.882352941176470588200'))
    ('gbgeqlturtusqa', Decimal('5.882352941176470588200'))
    ('xcaopzuvykwrurg', Decimal('5.882352941176470588200'))
    ('ptlemkgcesvafmnjc', Decimal('5.882352941176470588200'))
    ('vdjwilhipkxbmot', Decimal('5.882352941176470588200'))
    ('zarqbegnifpjtivblk', Decimal('5.882352941176470588200'))
    ('rsszjapiyelwmbtjeep', Decimal('5.882352941176470588200'))
    ('upbajggriuwubiru', Decimal('5.882352941176470588200'))
    ('sofcruhmuwfwawofczspex', Decimal('5.882352941176470588200'))
    ('bnxgpernirvduz', Decimal('5.882352941176470588200'))
    ('jahchmdhoqsbhcthcuq', Decimal('5.882352941176470588200'))
    ('lhhkicugkqxwemevu', Decimal('5.882352941176470588200'))
    ('ysummqvyqwghmxvgdboywx', Decimal('5.882352941176470588200'))
    ('jjbjjkhvowwnneliivelzgg', Decimal('5.882352941176470588200'))
    ('ruomdcebkyvapujgwoxlfdl', Decimal('5.882352941176470588200'))
    ('hrprtqrfsyucrzzflwblxj', Decimal('5.882352941176470588200'))
    ('dkvuxajtlsivjbaxar', Decimal('5.882352941176470588200'))
    ('lwostvoyuzcgwhgxpuutf', Decimal('5.882352941176470588200'))
    ('cvdpwkqsdpwrmiom', Decimal('5.882352941176470588200'))
    ('tyhtorurzfgcykddbileat', Decimal('5.882352941176470588200'))
    ('nahzczqgcuiayuqxnda', Decimal('5.882352941176470588200'))
    ('jsjhzeeglgexp', Decimal('5.882352941176470588200'))
    ('fhrocxyvfsffjg', Decimal('5.882352941176470588200'))
    ('vdgfpgkshkcqd', Decimal('5.882352941176470588200'))
    ('wfhvgduxuxldzjnpy', Decimal('5.882352941176470588200'))
    ('jgyzquugppzalkldwug', Decimal('5.882352941176470588200'))
    ('tnhjdxxnbwijk', Decimal('5.882352941176470588200'))
    ('jgqlnouqlsvummahsqzthtg', Decimal('5.882352941176470588200'))
    ('mvteqocjnykiscwhyuez', Decimal('5.882352941176470588200'))
    ('tzvaksnzbugkyqcnie', Decimal('5.882352941176470588200'))
    ('uzhwhuknktamxpfsoa', Decimal('5.882352941176470588200'))
    ('fhcivdgmbmgpsdavtvfd', Decimal('5.882352941176470588200'))
    ('kpzewzmdmuitmsx', Decimal('5.882352941176470588200'))
    ('egcwxhtcwvaqlobguwvx', Decimal('5.882352941176470588200'))
    ('ylprpgegksrhyjkwasbwgo', Decimal('5.882352941176470588200'))
    ('wetuedzkejmnxthacznxazt', Decimal('5.882352941176470588200'))
    ('nwieerhzbvsfbjmzvil', Decimal('5.882352941176470588200'))
    ('dholcouhsggbqw', Decimal('5.882352941176470588200'))
    ('dsikuxzunemxbtcdim', Decimal('5.882352941176470588200'))
    ('shttkxftkyoeawoc', Decimal('5.882352941176470588200'))
    ('yxaweeeomotrdazbaxuty', Decimal('5.882352941176470588200'))
    ('bveizvpcnqozfomtdff', Decimal('5.882352941176470588200'))
    ('exfyntlcniefr', Decimal('5.882352941176470588200'))
    ('ybhypbsbdxxleptvl', Decimal('5.882352941176470588200'))
    ('rixbttnlddgby', Decimal('5.882352941176470588200'))
    ('onnoawnzjiurjsgis', Decimal('5.882352941176470588200'))
    ('rhburwxucujzp', Decimal('5.882352941176470588200'))
    ('qzygqjxvsbbssf', Decimal('5.882352941176470588200'))
    ('xsxdhgyqttaccog', Decimal('5.882352941176470588200'))
    ('lltpclykgtpibyhucp', Decimal('5.882352941176470588200'))
    ('egfeutnutilfyrsovaq', Decimal('5.882352941176470588200'))
    ('ttqdkhfkbdnzcuwxierim', Decimal('5.882352941176470588200'))
    ('xzzbbzetwdfxopa', Decimal('5.882352941176470588200'))
    ('ulqltbxdivewkqbqali', Decimal('5.882352941176470588200'))
    ('frwdlxrcwapdappyhytu', Decimal('5.882352941176470588200'))
    ('emiugpjbgvvcolkn', Decimal('5.882352941176470588200'))
    ('mhwblibmrwhetesrvpktdu', Decimal('5.882352941176470588200'))
    ('iofjygcvsepqcrokscd', Decimal('5.882352941176470588200'))
    ('txpwdcyhihzcewmddwpacjh', Decimal('5.882352941176470588200'))
    ('pewrhqxhtazmucwtuecm', Decimal('5.882352941176470588200'))
    ('yhqksoemalsushv', Decimal('5.882352941176470588200'))
    ('dgrzfacajoaoorwlhytr', Decimal('5.882352941176470588200'))
    ('rupzbojupodhpfp', Decimal('5.882352941176470588200'))
    ('mkzjmaqndgzsdisalqw', Decimal('5.882352941176470588200'))
    ('uxjnzlrkhtevndudlq', Decimal('5.882352941176470588200'))
    ('tdujmpnybuepzeg', Decimal('5.882352941176470588200'))
    ('cdagbbbzffogtkcpdsxu', Decimal('5.882352941176470588200'))
    ('hmumuhyjhdbtsyclhokt', Decimal('5.882352941176470588200'))
    ('asovpmgaslmvy', Decimal('5.882352941176470588200'))
    ('dktsxubxmkeiggbu', Decimal('5.882352941176470588200'))
    ('lynjowzgdesnbfnqudegwdd', Decimal('5.882352941176470588200'))
    ('iwddwipmcmgbjvansihcsn', Decimal('5.882352941176470588200'))
    ('xacbyfpoibjrr', Decimal('5.882352941176470588200'))
    ('ztjlanqrrakbl', Decimal('5.882352941176470588200'))
    ('sujeraalyzzxiyg', Decimal('5.882352941176470588200'))
    ('pfztxcphrownwcekjgdf', Decimal('5.882352941176470588200'))
    ('twbyunxzrcdpkmuf', Decimal('5.882352941176470588200'))
    ('unlkauyxpzlbnicwhca', Decimal('5.882352941176470588200'))
    ('mjujgmifivfmlmbzklikvd', Decimal('5.882352941176470588200'))
    ('ikhjycpfhnbwwbr', Decimal('5.882352941176470588200'))
    ('rloxbukpuzylfeazxwylyg', Decimal('5.882352941176470588200'))
    ('ovwyvbuthwockuvs', Decimal('5.882352941176470588200'))
    ('hnxngsqyeybcjull', Decimal('5.882352941176470588200'))
    ('gcrgfvgtcovqx', Decimal('5.882352941176470588200'))
    ('lxamcycfwexau', Decimal('5.882352941176470588200'))
    ('wbpaknjkjwznz', Decimal('5.882352941176470588200'))
    ('rewcewxabdzmcgphif', Decimal('5.882352941176470588200'))
    ('ombvztvkgqrfzahvdz', Decimal('5.882352941176470588200'))
    ('lifkwpseqrfeoynvbyf', Decimal('5.882352941176470588200'))
    ('yvphkqdvluglqeth', Decimal('5.882352941176470588200'))
    ('ctehswdsazfnsjyk', Decimal('5.882352941176470588200'))
    ('dwfghvruywkivflrdt', Decimal('5.882352941176470588200'))
    ('wnlrtafqubgds', Decimal('5.882352941176470588200'))
    ('naaqdmxkgqvzddpw', Decimal('5.882352941176470588200'))
    ('bdxeckiabpadlytnxumagb', Decimal('5.882352941176470588200'))
    ('gmntcfirjixjo', Decimal('5.882352941176470588200'))
    ('lnpxcyqxdiitxqqdipba', Decimal('5.882352941176470588200'))
    ('gyxnouqolqrmkxo', Decimal('5.882352941176470588200'))
    ('mawcgjeranckjurpyrbovc', Decimal('5.882352941176470588200'))
    ('bcfmvuleawclfrgmc', Decimal('5.882352941176470588200'))
    ('kwfufqundcwulcbcndn', Decimal('5.882352941176470588200'))
    ('qhmercecjtpsvwvmjaxvlg', Decimal('5.882352941176470588200'))
    ('nynqdrmruojvv', Decimal('5.882352941176470588200'))
    ('yzhycwkhqtfmsotxybok', Decimal('5.882352941176470588200'))
    ('zbhlprynlrjxxspmozdvh', Decimal('5.882352941176470588200'))
    ('ogmtilimriqwsimhgjeswnn', Decimal('5.882352941176470588200'))
    ('ozbwjqdwtabjrzzvctrdsk', Decimal('5.882352941176470588200'))
    ('vonrjttjsbifhzzxl', Decimal('5.882352941176470588200'))
    ('huguicfggmdnzrosdarzhm', Decimal('5.882352941176470588200'))
    ('eydpsjfgkmjbmzcdx', Decimal('5.882352941176470588200'))
    ('cqybkfjczhesedjd', Decimal('5.882352941176470588200'))
    ('okkkaxzqlpojscv', Decimal('5.882352941176470588200'))
    ('ibsaotxdjhxyoa', Decimal('5.882352941176470588200'))
    ('mfwldtienuxeyuluyaqh', Decimal('5.882352941176470588200'))
    ('wdpgpfevgwlchogw', Decimal('5.882352941176470588200'))
    ('xrkhsqwcxbitmpakfc', Decimal('5.882352941176470588200'))
    ('jbomddiergwruveiz', Decimal('5.882352941176470588200'))
    ('vmcioedsaizhaesadwhymzp', Decimal('5.882352941176470588200'))
    ('biolkmcsfhczrty', Decimal('5.882352941176470588200'))
    ('yruhyojhvjgytmnoznc', Decimal('5.882352941176470588200'))
    ('owpipqbbbjbkphazcj', Decimal('5.882352941176470588200'))
    ('pexjxxegnrcgkniqdtddvy', Decimal('5.882352941176470588200'))
    ('miifatpdqrphijxehcnx', Decimal('5.882352941176470588200'))
    ('zonrshhkivmpegdjnlr', Decimal('5.882352941176470588200'))
    ('edarojnhroutxtcmuvqsipo', Decimal('5.882352941176470588200'))
    ('zqridftezarnmazoowus', Decimal('5.882352941176470588200'))
    ('eyamqrxtddbulzdtnwsol', Decimal('5.882352941176470588200'))
    ('grcbqxmxpzwlegotosqg', Decimal('5.882352941176470588200'))
    ('qiyvluwqvrgjxzwolaxyz', Decimal('5.882352941176470588200'))
    ('vggoluseysypd', Decimal('5.882352941176470588200'))
    ('ycjlxqfcjuopxkdsmtpx', Decimal('5.882352941176470588200'))
PROCESSING TIME: 68 ms
District identifier (W_ID, D_ID): 6,5
Number of orders to examine: 20
Orders in S: (O_ID, O_ENTRY_D, C_FIRST, C_MIDDLE, C_LAST)
    (3000, datetime.datetime(2021, 8, 27, 9, 50, 37, 239000), 'yjqptcgsqulesy', 'OE', 'PRIEINGANTI')
    (2973, datetime.datetime(2021, 8, 27, 9, 50, 37, 238000), 'viwszfuppnxby', 'OE', 'OUGHTCALLYEING')
    (2955, datetime.datetime(2021, 8, 27, 9, 50, 37, 238000), 'jzsekiqeoolyum', 'OE', 'ATIONPRESPRI')
    (2965, datetime.datetime(2021, 8, 27, 9, 50, 37, 238000), 'lwbndqksmzuei', 'OE', 'PRESCALLYESE')
    (2969, datetime.datetime(2021, 8, 27, 9, 50, 37, 238000), 'zuspmxobsmwffli', 'OE', 'EINGEINGEING')
    (2972, datetime.datetime(2021, 8, 27, 9, 50, 37, 238000), 'glmmgsilfwhssac', 'OE', 'ABLEABLEEING')
    (2957, datetime.datetime(2021, 8, 27, 9, 50, 37, 238000), 'vthefkpujllif', 'OE', 'ESEBARATION')
    (2960, datetime.datetime(2021, 8, 27, 9, 50, 37, 238000), 'qchfmiphgmqkr', 'OE', 'PRIEINGANTI')
    (2963, datetime.datetime(2021, 8, 27, 9, 50, 37, 238000), 'iwallenbquio', 'OE', 'ESEABLEPRES')
    (2964, datetime.datetime(2021, 8, 27, 9, 50, 37, 238000), 'qrkudma', 'OE', 'PRICALLYATION')
    (2967, datetime.datetime(2021, 8, 27, 9, 50, 37, 238000), 'sdrqyfznqy', 'OE', 'ANTIANTIABLE')
    (2968, datetime.datetime(2021, 8, 27, 9, 50, 37, 238000), 'vgdtpsloawpyt', 'OE', 'PRICALLYANTI')
    (2970, datetime.datetime(2021, 8, 27, 9, 50, 37, 238000), 'osetxkbdklqqmda', 'OE', 'OUGHTANTIPRES')
    (2971, datetime.datetime(2021, 8, 27, 9, 50, 37, 238000), 'ejgmdgdbagvess', 'OE', 'OUGHTESEPRI')
    (2961, datetime.datetime(2021, 8, 27, 9, 50, 37, 238000), 'cigbybzwnppympc', 'OE', 'ANTIESEABLE')
    (2956, datetime.datetime(2021, 8, 27, 9, 50, 37, 238000), 'aeexitm', 'OE', 'CALLYPRESCALLY')
    (2958, datetime.datetime(2021, 8, 27, 9, 50, 37, 238000), 'dkcbxjfd', 'OE', 'PRESATIONCALLY')
    (2959, datetime.datetime(2021, 8, 27, 9, 50, 37, 238000), 'jpsbxdqhvpz', 'OE', 'PRICALLYBAR')
    (2962, datetime.datetime(2021, 8, 27, 9, 50, 37, 238000), 'sieyjohojekvm', 'OE', 'EINGABLEPRES')
    (2966, datetime.datetime(2021, 8, 27, 9, 50, 37, 238000), 'hiwghqmpc', 'OE', 'BARPRESBAR')
Popular items (I_NAME, OL_QUANTITY):
    ('rdjjeodspobkrsq', 23, 5.0)
    ('rndkvicapgevk', 93, 5.0)
    ('fhqqzimpctivi', 230, 5.0)
    ('pmqwgmpneilaq', 573, 5.0)
    ('dvvutksdhmbjvxhqxtv', 650, 5.0)
    ('jzpztptlarrmo', 807, 5.0)
    ('vgovhyxgmhoatwkzsbcyb', 972, 5.0)
    ('suwxxpnyrkgakvntwffika', 1737, 5.0)
    ('jycqzjedewplh', 1882, 5.0)
    ('vhpobqgnqyswbkp', 1980, 5.0)
    ('enqibujxexurzbzygajzai', 2323, 5.0)
    ('gvosyuisoqayyyor', 3148, 5.0)
    ('vziqclamnlfwihbaiodzru', 3819, 5.0)
    ('uvuhraxhcfeaezg', 4076, 5.0)
    ('astdkvwbjwlcnohhlkhfxfh', 4428, 5.0)
    ('pkxtbezqdzoecrnbbcfjam', 4677, 5.0)
    ('lqwoyddtavtqrt', 4690, 5.0)
    ('tsjlkuvpuowkwoyewc', 5265, 5.0)
    ('nkpesrbjpjvgqxwrdkre', 5699, 5.0)
    ('xojxxpszupqtt', 5709, 5.0)
    ('jvydaohtfgvilaxrngbbt', 5954, 5.0)
    ('ofjkcyhmkuiqohvgllauir', 6079, 5.0)
    ('npgksldxijicqcmddr', 6081, 5.0)
    ('wexkgntpsjshlkncijbd', 6385, 5.0)
    ('msqzvwexcghhwgx', 6716, 5.0)
    ('aeelzxleiaqdv', 6923, 5.0)
    ('rdjcaibyifzziqdbtalwsi', 7481, 5.0)
    ('rjkwsecsseaaxsssnrcd', 7534, 5.0)
    ('wxbmtuvtzjewobhtodivx', 7902, 5.0)
    ('icmbvkykttscnt', 8350, 5.0)
    ('eiipwdqjcwgzecw', 8535, 5.0)
    ('borhbsjlinptigjjmzlaszx', 9129, 5.0)
    ('gcjmmojrotfelaakjv', 9166, 5.0)
    ('ztpdrhnogvsnzsbtxbn', 9991, 5.0)
    ('urczmtenugyukxaiexsk', 10689, 5.0)
    ('rthpvgyfajxamwfhblf', 10837, 5.0)
    ('quxmamzrygpwqpwa', 11087, 5.0)
    ('xooaggzjyesrayc', 11536, 5.0)
    ('kemgqducjbicc', 12113, 5.0)
    ('ukgusafhtptxrchgo', 12434, 5.0)
    ('nwniexdsyjbuxhmephkvbh', 12490, 5.0)
    ('idlleeejrfnbqhctpzuyetk', 12706, 5.0)
    ('rsppfrocsyhwx', 13283, 5.0)
    ('jjsfnumjxsbsoglbmexr', 13404, 5.0)
    ('txipxrceoccaoggrmzqo', 13637, 5.0)
    ('kbutansgthsoxknumdh', 14091, 5.0)
    ('qknpafylfogppildybzfm', 14441, 5.0)
    ('aussczzfvuayoluj', 14894, 5.0)
    ('lgflpztquohsx', 15373, 5.0)
    ('ostilhpjvxsqynbsyv', 15389, 5.0)
    ('znkjwjpxbbvvgkwro', 15770, 5.0)
    ('fvyshvinkawexgf', 16108, 5.0)
    ('gpeodgrmkacebbc', 16110, 5.0)
    ('rcauthpxwghdz', 16275, 5.0)
    ('aixnqfxismujnpbychqnzaq', 16579, 5.0)
    ('dvpdsvhcqqnwkxpqowiqqer', 16719, 5.0)
    ('uwcutfawepkour', 17251, 5.0)
    ('yycvjyqxcahfu', 17397, 5.0)
    ('mewqaqqtjwodxmdat', 17582, 5.0)
    ('papqefizwynpbuxhq', 18527, 5.0)
    ('peagxpabxsisnb', 18730, 5.0)
    ('rvsysbpwmuxasnbblhjrbj', 18944, 5.0)
    ('dgxfkstrgysrbmzjybiq', 19076, 5.0)
    ('riygbdfvuqwjrgwwvv', 19129, 5.0)
    ('csfhgjsgergkglbtrdjvbh', 19231, 5.0)
    ('wshyfdknaokcipsxdtmc', 19621, 5.0)
    ('vnqijonudrjjip', 19810, 5.0)
    ('cetjpdcdqeigbnu', 20008, 5.0)
    ('yvphhizhokioinsp', 20579, 5.0)
    ('rzgfjowquobqcb', 20615, 5.0)
    ('eikdwrlvidfvmupvyp', 21674, 5.0)
    ('wuercjbvzpxsinjaqvoqym', 21960, 5.0)
    ('vnqjsbuwjqjachtmejjqwi', 22932, 5.0)
    ('wkyfmmrexgkvyofnihxp', 23476, 5.0)
    ('nvqfokcitkocsbxnjjrix', 23562, 5.0)
    ('rjnnwqouuomlsp', 23583, 5.0)
    ('iemouubygweaygfqtlp', 24202, 5.0)
    ('ztjparovembhztsrev', 24334, 5.0)
    ('hgsirdpzggujqnmqy', 24861, 5.0)
    ('memgwzqpssclmcyk', 25114, 5.0)
    ('giyshyejcwxflgncju', 25166, 5.0)
    ('gedlqrncjdpqe', 25439, 5.0)
    ('bjvpswrfdsttar', 26443, 5.0)
    ('qxmfnxjqrxfchlsmqeipj', 26623, 5.0)
    ('ojlvgiuwxfzkvhtgkoiiyhr', 27001, 5.0)
    ('ostqfuifjvxfabfrt', 27192, 5.0)
    ('xnzluexqatedmgf', 27240, 5.0)
    ('crjtffbpubhupdlk', 27954, 5.0)
    ('szmjtmyqzsyqw', 28001, 5.0)
    ('ggmnyktgvurafbkgidlz', 28772, 5.0)
    ('zzxphwovenbpn', 28876, 5.0)
    ('ofgzkchsrfgofzj', 29818, 5.0)
    ('heqojxzolpiqqna', 30101, 5.0)
    ('dhhfilylbjisahxiiuahk', 30305, 5.0)
    ('uawybxqaeoybvwkznualrd', 30594, 5.0)
    ('zlfyetewzcqkqzijjtcrsb', 31038, 5.0)
    ('cybfntyvxmtncqoyuvyg', 32018, 5.0)
    ('xrfxfxqsowppmfxffwgi', 32925, 5.0)
    ('ovuvmtjlikmktqfrhgebo', 35604, 5.0)
    ('nmtndulkfcojvxdiqvn', 35723, 5.0)
    ('lrwzbkiurdpnxscddwgqf', 35960, 5.0)
    ('beotbmazwzjeqybtpbe', 35966, 5.0)
    ('mcrydtlfmakuzjgkdafvivd', 37028, 5.0)
    ('mihhxhbijleuwa', 37063, 5.0)
    ('ahwiogdizboidshzgdd', 37358, 5.0)
    ('squzabafviqezkmphwzcnve', 37694, 5.0)
    ('rzldijpyytsgw', 38590, 5.0)
    ('kalxiwjcqdjshwime', 38979, 5.0)
    ('kljdxndiazakjr', 39176, 5.0)
    ('pfwnywrlzrmtnugeh', 39193, 5.0)
    ('jequzqigorimomkjnxdt', 40055, 5.0)
    ('rzinjptwfiisygfaw', 40273, 5.0)
    ('piytdysprcuegzxemjrpjrn', 41115, 5.0)
    ('jaetpgierajoqnyguhhn', 41296, 5.0)
    ('kukopmapkjppvf', 43447, 5.0)
    ('gjtmnzmcgfubtpqsuq', 43801, 5.0)
    ('ggsnqhceklmzavliwrbv', 44294, 5.0)
    ('fpkbirqlvmpdquhkdvrkdc', 44383, 5.0)
    ('lzsggfffexrmvpf', 44615, 5.0)
    ('azvwimduxdmqjcmoz', 44647, 5.0)
    ('jxwrytqdtrgawcduzoru', 45100, 5.0)
    ('aolpfwapecawh', 45388, 5.0)
    ('qemdjpkxilzkbjowep', 45826, 5.0)
    ('egutjjljwmkka', 46409, 5.0)
    ('hschwmevvnsbmjjcodvmbfv', 46685, 5.0)
    ('nkejdibswdmgbnawfmsodpz', 46826, 5.0)
    ('kdhzfqstcxtsxtrazi', 47070, 5.0)
    ('rooqtzhezspjcfnq', 47825, 5.0)
    ('lwmnaxtwcbjrlcjzatmnomo', 48541, 5.0)
    ('hsilytnoqqgmdbewqejz', 48866, 5.0)
    ('byxgzyklafbmp', 48881, 5.0)
    ('zyqdoniqzaencvofluesf', 49935, 5.0)
    ('makkkfvjzawvbv', 50290, 5.0)
    ('fgyrszqtvhmvnlhfmvzijcc', 50369, 5.0)
    ('qnrsdnnawzzlfpgolf', 51162, 5.0)
    ('vnkadhmkfpqelvg', 51254, 5.0)
    ('phymkwngdtivsrll', 52087, 5.0)
    ('rwkkaeansgmsdlf', 52154, 5.0)
    ('qzvxmrkcymbzoseohowyvnl', 52167, 5.0)
    ('bqvlujzesrailwpmscmqcy', 52351, 5.0)
    ('patwqhdgmwfbubrugesy', 52702, 5.0)
    ('veezsrxuqatfegwbra', 53278, 5.0)
    ('oofrnydfqptvmuehyzksua', 53560, 5.0)
    ('hgekmcguqgzgasb', 54143, 5.0)
    ('raeypaecivmdacj', 54299, 5.0)
    ('sddurjdrtlsuinqhh', 54575, 5.0)
    ('rxebdxolbufqck', 55184, 5.0)
    ('yrbzwrtiumrjvjbxnwiez', 55515, 5.0)
    ('voplcxrfchcnlpubbcwydta', 55965, 5.0)
    ('hxnaxgwcxqptej', 56419, 5.0)
    ('swerbxakzcxorpvrbz', 57418, 5.0)
    ('cphprcwybmppwbgd', 57458, 5.0)
    ('ahgkdidicaqhushldi', 57782, 5.0)
    ('ojmowfexzipatx', 58674, 5.0)
    ('kaeeoowgaubkzzh', 58778, 5.0)
    ('fjumagemwarcilfneeueppm', 59095, 5.0)
    ('vizqjpqntxnxsovv', 59241, 5.0)
    ('beeqscbmincoi', 59530, 5.0)
    ('tgavyrfyuoctpavkshpbvow', 59776, 5.0)
    ('vglbhwhdpoemjuzz', 60247, 5.0)
    ('miakuqecqjvnycikrzkc', 60461, 5.0)
    ('ggjntvgumrxatoup', 60744, 5.0)
    ('jfizmgkqehmjev', 60782, 5.0)
    ('hokvxtrrbqbqhlyqdhkcjs', 60853, 5.0)
    ('laymefkgxgwzrzbfmz', 60928, 5.0)
    ('npqlbtwbqwjyjcbguwsz', 61043, 5.0)
    ('fxasshceilsklh', 61107, 5.0)
    ('wfpmfaqmlicjqqkghmwbc', 61202, 5.0)
    ('vxlorakjpxspuekw', 61565, 5.0)
    ('njwfednngstwl', 61621, 5.0)
    ('psxsfixleixakmocxvypm', 61751, 5.0)
    ('sugozuccxomykraxuyg', 61935, 5.0)
    ('nurfdqocjwrsb', 62189, 5.0)
    ('faugvwwokcskcvrzeacu', 62434, 5.0)
    ('znybkicfvpzauwyfibtnndp', 63577, 5.0)
    ('qgnqhspmcgbuk', 64416, 5.0)
    ('vdwpdvurqofbdwjmkaq', 64626, 5.0)
    ('iftwhrarjtiljqm', 64683, 5.0)
    ('zkrvfhvvsjcdnxzvvad', 64985, 5.0)
    ('qtuflqrrxqiomfiwufnh', 65236, 5.0)
    ('dnvhstuvriavpaeifdwqfl', 65810, 5.0)
    ('idqjywbcwmdryjznacodjlb', 65934, 5.0)
    ('vbmdqynxncqpwlgpwrvqd', 66414, 5.0)
    ('gfgaswwcdglgpqntoizhq', 66633, 5.0)
    ('czxewzpcvwgmhxifpwi', 68134, 5.0)
    ('lambzobgcivjysdnlvuaqnx', 68198, 5.0)
    ('umudycyuuonufv', 68375, 5.0)
    ('nfdrfnzszdokit', 68977, 5.0)
    ('cwpqsstlqirxdhufbntep', 69399, 5.0)
    ('fwpxbslmkcfbd', 69466, 5.0)
    ('qsmzwriilvggvfof', 69474, 5.0)
    ('tzxgbiaovfbksmeka', 70374, 5.0)
    ('cuvueniqnhqoyuodzx', 71128, 5.0)
    ('qtngrraobdfmw', 71229, 5.0)
    ('fzoxwcvyamybrtgbmnqa', 71256, 5.0)
    ('hotmwvkwfckpkiickbe', 71637, 5.0)
    ('wkqizhovcdzfzsa', 71961, 5.0)
    ('bclaqecjneqaizezetd', 72128, 5.0)
    ('ssibemhdzyrrqekcejo', 72528, 5.0)
    ('qrhwcfllshwqrjy', 72559, 5.0)
    ('rbgyemnljqbcuwfulqoks', 72583, 5.0)
    ('unflvflnnhikajpbvvi', 72820, 5.0)
    ('lomudrbdnnxttsvncyfehu', 72997, 5.0)
    ('ipxijvqqfayinchhlbdzjis', 73163, 5.0)
    ('zdnyxboeskfjaqdypp', 74210, 5.0)
    ('dnmxidpvmhzqnndrhuejwqe', 74923, 5.0)
    ('wpreeswahpibqdhbpiaetn', 74927, 5.0)
    ('gntmtfitrwcpubbrteq', 74970, 5.0)
    ('aehqkmnirdbpdjjspmkel', 75350, 5.0)
    ('fikgobikrjltpbzhpmn', 75771, 5.0)
    ('aaytjzflojljwcqnbdalprt', 76740, 5.0)
    ('astgzxjymavogsohkg', 76755, 5.0)
    ('ucgydpqngbimyn', 77008, 5.0)
    ('sqxwdofjodgdm', 77401, 5.0)
    ('lbogaarmwjegqlsbwnfw', 77963, 5.0)
    ('uavmuctyggofr', 78017, 5.0)
    ('fniedqpkucdaf', 78132, 5.0)
    ('znvkiexjhlnlaghdbqoixfh', 78360, 5.0)
    ('zsmfdqzsuajddxbsygwgvw', 78613, 5.0)
    ('aqgfxottheapykjzeiu', 78746, 5.0)
    ('wqsuazbnmbvyey', 78796, 5.0)
    ('duqokqhxquuqb', 78816, 5.0)
    ('hiunmljfndvyzdtkclczaec', 79050, 5.0)
    ('darbgfktpgsjhhqcyzshpz', 79188, 5.0)
    ('chcymmzsswvubfo', 79230, 5.0)
    ('xosgavircyntgjke', 79869, 5.0)
    ('prhqbzqsehotwjcxgmru', 80095, 5.0)
    ('prkaaddboedsxcadec', 80609, 5.0)
    ('vbitantkfnovqjbaldk', 81338, 5.0)
    ('gsrhabdcsodzgwntyx', 81881, 5.0)
    ('xdesdsufwwctfrhqpmkas', 81929, 5.0)
    ('rhqkxkflnutxstzrhsijmml', 82431, 5.0)
    ('qqzymithdqimywahsx', 82626, 5.0)
    ('sbfokqbwlsqzlrqfx', 82646, 5.0)
    ('fcnjmjfuriscdrqhxejpnh', 83386, 5.0)
    ('kweczsedlemnvmhmc', 83885, 5.0)
    ('srdhelfcmzebawbiztahbpo', 84374, 5.0)
    ('nsshbktixwmwptlcil', 86200, 5.0)
    ('ydblcjltxiedbresfabgh', 86671, 5.0)
    ('rbctljzarurfgulf', 86798, 5.0)
    ('kcnznsixkxsgaphe', 87628, 5.0)
    ('cgbqhgngmbdch', 87806, 5.0)
    ('kljpywwxsndfdubrcqpuqlc', 88432, 5.0)
    ('jcjinpboghpgivammcyn', 88473, 5.0)
    ('jfmlyrardktpgrv', 88858, 5.0)
    ('ucczsvrkotiyqihrgcg', 89003, 5.0)
    ('pqvvaksgsyuxjnbh', 89568, 5.0)
    ('fslwntvfqtfgs', 89662, 5.0)
    ('ezkzqvejmzfajlnwa', 90301, 5.0)
    ('zbxblrmislahvtngy', 90337, 5.0)
    ('drbgnoocfjobgzvhrkycn', 90712, 5.0)
    ('ymqzrqdwramlxaif', 90752, 5.0)
    ('uegabfpxujikwyqqawp', 90775, 5.0)
    ('nawdmhlmjsdywcxkw', 90915, 5.0)
    ('nfndggnyrbiwh', 91302, 5.0)
    ('jdtseaejgofesfi', 91760, 5.0)
    ('pibvmntluycpw', 92337, 5.0)
    ('rggvimtyfljmgddbvsn', 92583, 5.0)
    ('muxumiebomkiczkiqv', 93086, 5.0)
    ('iwanebrtqzdbblclep', 93383, 5.0)
    ('sfcuqtcslwrcxgkxlrsezs', 93389, 5.0)
    ('cjgimxhqxqvsnedlpms', 94127, 5.0)
    ('jhlvweibvotwtjdsihiusgy', 94245, 5.0)
    ('nlzqftfcmyhxgbd', 94427, 5.0)
    ('ellsovbwawyzxqmlnwn', 94543, 5.0)
    ('bbhpuphxpmlodmbr', 95107, 5.0)
    ('fwerkfjcdkwrycafde', 95792, 5.0)
    ('zcpjmlplodhxvfevrmtzl', 95896, 5.0)
    ('wnvbyiwkgtfpnudz', 96100, 5.0)
    ('jqmnvdblqayxtuknz', 96297, 5.0)
    ('roczbseklnbvrt', 96591, 5.0)
    ('ohmizfymwqhdvuuftywn', 96714, 5.0)
    ('mlajwmxbkpnrlwm', 97210, 5.0)
    ('mjqojbnmbutkofsviti', 98011, 5.0)
    ('fedwzclrgaziintrwbebjq', 98280, 5.0)
    ('nhofzrfpstcviczdw', 98655, 5.0)
    ('vvkpmmxgpozcymnlp', 99467, 5.0)
    ('iykehbewgdnxcw', 99737, 5.0)
Percentage of examined orders that contain each popular item (I_NAME, percentage):
    ('rdjjeodspobkrsq', Decimal('5.00'))
    ('rndkvicapgevk', Decimal('5.00'))
    ('fhqqzimpctivi', Decimal('5.00'))
    ('pmqwgmpneilaq', Decimal('5.00'))
    ('dvvutksdhmbjvxhqxtv', Decimal('5.00'))
    ('jzpztptlarrmo', Decimal('5.00'))
    ('vgovhyxgmhoatwkzsbcyb', Decimal('5.00'))
    ('suwxxpnyrkgakvntwffika', Decimal('5.00'))
    ('jycqzjedewplh', Decimal('5.00'))
    ('vhpobqgnqyswbkp', Decimal('5.00'))
    ('enqibujxexurzbzygajzai', Decimal('5.00'))
    ('gvosyuisoqayyyor', Decimal('5.00'))
    ('vziqclamnlfwihbaiodzru', Decimal('5.00'))
    ('uvuhraxhcfeaezg', Decimal('5.00'))
    ('astdkvwbjwlcnohhlkhfxfh', Decimal('5.00'))
    ('pkxtbezqdzoecrnbbcfjam', Decimal('5.00'))
    ('lqwoyddtavtqrt', Decimal('5.00'))
    ('tsjlkuvpuowkwoyewc', Decimal('5.00'))
    ('nkpesrbjpjvgqxwrdkre', Decimal('5.00'))
    ('xojxxpszupqtt', Decimal('5.00'))
    ('jvydaohtfgvilaxrngbbt', Decimal('5.00'))
    ('ofjkcyhmkuiqohvgllauir', Decimal('5.00'))
    ('npgksldxijicqcmddr', Decimal('5.00'))
    ('wexkgntpsjshlkncijbd', Decimal('5.00'))
    ('msqzvwexcghhwgx', Decimal('5.00'))
    ('aeelzxleiaqdv', Decimal('5.00'))
    ('rdjcaibyifzziqdbtalwsi', Decimal('5.00'))
    ('rjkwsecsseaaxsssnrcd', Decimal('5.00'))
    ('wxbmtuvtzjewobhtodivx', Decimal('5.00'))
    ('icmbvkykttscnt', Decimal('5.00'))
    ('eiipwdqjcwgzecw', Decimal('5.00'))
    ('borhbsjlinptigjjmzlaszx', Decimal('5.00'))
    ('gcjmmojrotfelaakjv', Decimal('5.00'))
    ('ztpdrhnogvsnzsbtxbn', Decimal('5.00'))
    ('urczmtenugyukxaiexsk', Decimal('5.00'))
    ('rthpvgyfajxamwfhblf', Decimal('5.00'))
    ('quxmamzrygpwqpwa', Decimal('5.00'))
    ('xooaggzjyesrayc', Decimal('5.00'))
    ('kemgqducjbicc', Decimal('5.00'))
    ('ukgusafhtptxrchgo', Decimal('5.00'))
    ('nwniexdsyjbuxhmephkvbh', Decimal('5.00'))
    ('idlleeejrfnbqhctpzuyetk', Decimal('5.00'))
    ('rsppfrocsyhwx', Decimal('5.00'))
    ('jjsfnumjxsbsoglbmexr', Decimal('5.00'))
    ('txipxrceoccaoggrmzqo', Decimal('5.00'))
    ('kbutansgthsoxknumdh', Decimal('5.00'))
    ('qknpafylfogppildybzfm', Decimal('5.00'))
    ('aussczzfvuayoluj', Decimal('5.00'))
    ('lgflpztquohsx', Decimal('5.00'))
    ('ostilhpjvxsqynbsyv', Decimal('5.00'))
    ('znkjwjpxbbvvgkwro', Decimal('5.00'))
    ('fvyshvinkawexgf', Decimal('5.00'))
    ('gpeodgrmkacebbc', Decimal('5.00'))
    ('rcauthpxwghdz', Decimal('5.00'))
    ('aixnqfxismujnpbychqnzaq', Decimal('5.00'))
    ('dvpdsvhcqqnwkxpqowiqqer', Decimal('5.00'))
    ('uwcutfawepkour', Decimal('5.00'))
    ('yycvjyqxcahfu', Decimal('5.00'))
    ('mewqaqqtjwodxmdat', Decimal('5.00'))
    ('papqefizwynpbuxhq', Decimal('5.00'))
    ('peagxpabxsisnb', Decimal('5.00'))
    ('rvsysbpwmuxasnbblhjrbj', Decimal('5.00'))
    ('dgxfkstrgysrbmzjybiq', Decimal('5.00'))
    ('riygbdfvuqwjrgwwvv', Decimal('5.00'))
    ('csfhgjsgergkglbtrdjvbh', Decimal('5.00'))
    ('wshyfdknaokcipsxdtmc', Decimal('5.00'))
    ('vnqijonudrjjip', Decimal('5.00'))
    ('cetjpdcdqeigbnu', Decimal('5.00'))
    ('yvphhizhokioinsp', Decimal('5.00'))
    ('rzgfjowquobqcb', Decimal('5.00'))
    ('eikdwrlvidfvmupvyp', Decimal('5.00'))
    ('wuercjbvzpxsinjaqvoqym', Decimal('5.00'))
    ('vnqjsbuwjqjachtmejjqwi', Decimal('5.00'))
    ('wkyfmmrexgkvyofnihxp', Decimal('5.00'))
    ('nvqfokcitkocsbxnjjrix', Decimal('5.00'))
    ('rjnnwqouuomlsp', Decimal('5.00'))
    ('iemouubygweaygfqtlp', Decimal('5.00'))
    ('ztjparovembhztsrev', Decimal('5.00'))
    ('hgsirdpzggujqnmqy', Decimal('5.00'))
    ('memgwzqpssclmcyk', Decimal('5.00'))
    ('giyshyejcwxflgncju', Decimal('5.00'))
    ('gedlqrncjdpqe', Decimal('5.00'))
    ('bjvpswrfdsttar', Decimal('5.00'))
    ('qxmfnxjqrxfchlsmqeipj', Decimal('5.00'))
    ('ojlvgiuwxfzkvhtgkoiiyhr', Decimal('5.00'))
    ('ostqfuifjvxfabfrt', Decimal('5.00'))
    ('xnzluexqatedmgf', Decimal('5.00'))
    ('crjtffbpubhupdlk', Decimal('5.00'))
    ('szmjtmyqzsyqw', Decimal('5.00'))
    ('ggmnyktgvurafbkgidlz', Decimal('5.00'))
    ('zzxphwovenbpn', Decimal('5.00'))
    ('ofgzkchsrfgofzj', Decimal('5.00'))
    ('heqojxzolpiqqna', Decimal('5.00'))
    ('dhhfilylbjisahxiiuahk', Decimal('5.00'))
    ('uawybxqaeoybvwkznualrd', Decimal('5.00'))
    ('zlfyetewzcqkqzijjtcrsb', Decimal('5.00'))
    ('cybfntyvxmtncqoyuvyg', Decimal('5.00'))
    ('xrfxfxqsowppmfxffwgi', Decimal('5.00'))
    ('ovuvmtjlikmktqfrhgebo', Decimal('5.00'))
    ('nmtndulkfcojvxdiqvn', Decimal('5.00'))
    ('lrwzbkiurdpnxscddwgqf', Decimal('5.00'))
    ('beotbmazwzjeqybtpbe', Decimal('5.00'))
    ('mcrydtlfmakuzjgkdafvivd', Decimal('5.00'))
    ('mihhxhbijleuwa', Decimal('5.00'))
    ('ahwiogdizboidshzgdd', Decimal('5.00'))
    ('squzabafviqezkmphwzcnve', Decimal('5.00'))
    ('rzldijpyytsgw', Decimal('5.00'))
    ('kalxiwjcqdjshwime', Decimal('5.00'))
    ('kljdxndiazakjr', Decimal('5.00'))
    ('pfwnywrlzrmtnugeh', Decimal('5.00'))
    ('jequzqigorimomkjnxdt', Decimal('5.00'))
    ('rzinjptwfiisygfaw', Decimal('5.00'))
    ('piytdysprcuegzxemjrpjrn', Decimal('5.00'))
    ('jaetpgierajoqnyguhhn', Decimal('5.00'))
    ('kukopmapkjppvf', Decimal('5.00'))
    ('gjtmnzmcgfubtpqsuq', Decimal('5.00'))
    ('ggsnqhceklmzavliwrbv', Decimal('5.00'))
    ('fpkbirqlvmpdquhkdvrkdc', Decimal('5.00'))
    ('lzsggfffexrmvpf', Decimal('5.00'))
    ('azvwimduxdmqjcmoz', Decimal('5.00'))
    ('jxwrytqdtrgawcduzoru', Decimal('5.00'))
    ('aolpfwapecawh', Decimal('5.00'))
    ('qemdjpkxilzkbjowep', Decimal('5.00'))
    ('egutjjljwmkka', Decimal('5.00'))
    ('hschwmevvnsbmjjcodvmbfv', Decimal('5.00'))
    ('nkejdibswdmgbnawfmsodpz', Decimal('5.00'))
    ('kdhzfqstcxtsxtrazi', Decimal('5.00'))
    ('rooqtzhezspjcfnq', Decimal('5.00'))
    ('lwmnaxtwcbjrlcjzatmnomo', Decimal('5.00'))
    ('hsilytnoqqgmdbewqejz', Decimal('5.00'))
    ('byxgzyklafbmp', Decimal('5.00'))
    ('zyqdoniqzaencvofluesf', Decimal('5.00'))
    ('makkkfvjzawvbv', Decimal('5.00'))
    ('fgyrszqtvhmvnlhfmvzijcc', Decimal('5.00'))
    ('qnrsdnnawzzlfpgolf', Decimal('5.00'))
    ('vnkadhmkfpqelvg', Decimal('5.00'))
    ('phymkwngdtivsrll', Decimal('5.00'))
    ('rwkkaeansgmsdlf', Decimal('5.00'))
    ('qzvxmrkcymbzoseohowyvnl', Decimal('5.00'))
    ('bqvlujzesrailwpmscmqcy', Decimal('5.00'))
    ('patwqhdgmwfbubrugesy', Decimal('5.00'))
    ('veezsrxuqatfegwbra', Decimal('5.00'))
    ('oofrnydfqptvmuehyzksua', Decimal('5.00'))
    ('hgekmcguqgzgasb', Decimal('5.00'))
    ('raeypaecivmdacj', Decimal('5.00'))
    ('sddurjdrtlsuinqhh', Decimal('5.00'))
    ('rxebdxolbufqck', Decimal('5.00'))
    ('yrbzwrtiumrjvjbxnwiez', Decimal('5.00'))
    ('voplcxrfchcnlpubbcwydta', Decimal('5.00'))
    ('hxnaxgwcxqptej', Decimal('5.00'))
    ('swerbxakzcxorpvrbz', Decimal('5.00'))
    ('cphprcwybmppwbgd', Decimal('5.00'))
    ('ahgkdidicaqhushldi', Decimal('5.00'))
    ('ojmowfexzipatx', Decimal('5.00'))
    ('kaeeoowgaubkzzh', Decimal('5.00'))
    ('fjumagemwarcilfneeueppm', Decimal('5.00'))
    ('vizqjpqntxnxsovv', Decimal('5.00'))
    ('beeqscbmincoi', Decimal('5.00'))
    ('tgavyrfyuoctpavkshpbvow', Decimal('5.00'))
    ('vglbhwhdpoemjuzz', Decimal('5.00'))
    ('miakuqecqjvnycikrzkc', Decimal('5.00'))
    ('ggjntvgumrxatoup', Decimal('5.00'))
    ('jfizmgkqehmjev', Decimal('5.00'))
    ('hokvxtrrbqbqhlyqdhkcjs', Decimal('5.00'))
    ('laymefkgxgwzrzbfmz', Decimal('5.00'))
    ('npqlbtwbqwjyjcbguwsz', Decimal('5.00'))
    ('fxasshceilsklh', Decimal('5.00'))
    ('wfpmfaqmlicjqqkghmwbc', Decimal('5.00'))
    ('vxlorakjpxspuekw', Decimal('5.00'))
    ('njwfednngstwl', Decimal('5.00'))
    ('psxsfixleixakmocxvypm', Decimal('5.00'))
    ('sugozuccxomykraxuyg', Decimal('5.00'))
    ('nurfdqocjwrsb', Decimal('5.00'))
    ('faugvwwokcskcvrzeacu', Decimal('5.00'))
    ('znybkicfvpzauwyfibtnndp', Decimal('5.00'))
    ('qgnqhspmcgbuk', Decimal('5.00'))
    ('vdwpdvurqofbdwjmkaq', Decimal('5.00'))
    ('iftwhrarjtiljqm', Decimal('5.00'))
    ('zkrvfhvvsjcdnxzvvad', Decimal('5.00'))
    ('qtuflqrrxqiomfiwufnh', Decimal('5.00'))
    ('dnvhstuvriavpaeifdwqfl', Decimal('5.00'))
    ('idqjywbcwmdryjznacodjlb', Decimal('5.00'))
    ('vbmdqynxncqpwlgpwrvqd', Decimal('5.00'))
    ('gfgaswwcdglgpqntoizhq', Decimal('5.00'))
    ('czxewzpcvwgmhxifpwi', Decimal('5.00'))
    ('lambzobgcivjysdnlvuaqnx', Decimal('5.00'))
    ('umudycyuuonufv', Decimal('5.00'))
    ('nfdrfnzszdokit', Decimal('5.00'))
    ('cwpqsstlqirxdhufbntep', Decimal('5.00'))
    ('fwpxbslmkcfbd', Decimal('5.00'))
    ('qsmzwriilvggvfof', Decimal('5.00'))
    ('tzxgbiaovfbksmeka', Decimal('5.00'))
    ('cuvueniqnhqoyuodzx', Decimal('5.00'))
    ('qtngrraobdfmw', Decimal('5.00'))
    ('fzoxwcvyamybrtgbmnqa', Decimal('5.00'))
    ('hotmwvkwfckpkiickbe', Decimal('5.00'))
    ('wkqizhovcdzfzsa', Decimal('5.00'))
    ('bclaqecjneqaizezetd', Decimal('5.00'))
    ('ssibemhdzyrrqekcejo', Decimal('5.00'))
    ('qrhwcfllshwqrjy', Decimal('5.00'))
    ('rbgyemnljqbcuwfulqoks', Decimal('5.00'))
    ('unflvflnnhikajpbvvi', Decimal('5.00'))
    ('lomudrbdnnxttsvncyfehu', Decimal('5.00'))
    ('ipxijvqqfayinchhlbdzjis', Decimal('5.00'))
    ('zdnyxboeskfjaqdypp', Decimal('5.00'))
    ('dnmxidpvmhzqnndrhuejwqe', Decimal('5.00'))
    ('wpreeswahpibqdhbpiaetn', Decimal('5.00'))
    ('gntmtfitrwcpubbrteq', Decimal('5.00'))
    ('aehqkmnirdbpdjjspmkel', Decimal('5.00'))
    ('fikgobikrjltpbzhpmn', Decimal('5.00'))
    ('aaytjzflojljwcqnbdalprt', Decimal('5.00'))
    ('astgzxjymavogsohkg', Decimal('5.00'))
    ('ucgydpqngbimyn', Decimal('5.00'))
    ('sqxwdofjodgdm', Decimal('5.00'))
    ('lbogaarmwjegqlsbwnfw', Decimal('5.00'))
    ('uavmuctyggofr', Decimal('5.00'))
    ('fniedqpkucdaf', Decimal('5.00'))
    ('znvkiexjhlnlaghdbqoixfh', Decimal('5.00'))
    ('zsmfdqzsuajddxbsygwgvw', Decimal('5.00'))
    ('aqgfxottheapykjzeiu', Decimal('5.00'))
    ('wqsuazbnmbvyey', Decimal('5.00'))
    ('duqokqhxquuqb', Decimal('5.00'))
    ('hiunmljfndvyzdtkclczaec', Decimal('5.00'))
    ('darbgfktpgsjhhqcyzshpz', Decimal('5.00'))
    ('chcymmzsswvubfo', Decimal('5.00'))
    ('xosgavircyntgjke', Decimal('5.00'))
    ('prhqbzqsehotwjcxgmru', Decimal('5.00'))
    ('prkaaddboedsxcadec', Decimal('5.00'))
    ('vbitantkfnovqjbaldk', Decimal('5.00'))
    ('gsrhabdcsodzgwntyx', Decimal('5.00'))
    ('xdesdsufwwctfrhqpmkas', Decimal('5.00'))
    ('rhqkxkflnutxstzrhsijmml', Decimal('5.00'))
    ('qqzymithdqimywahsx', Decimal('5.00'))
    ('sbfokqbwlsqzlrqfx', Decimal('5.00'))
    ('fcnjmjfuriscdrqhxejpnh', Decimal('5.00'))
    ('kweczsedlemnvmhmc', Decimal('5.00'))
    ('srdhelfcmzebawbiztahbpo', Decimal('5.00'))
    ('nsshbktixwmwptlcil', Decimal('5.00'))
    ('ydblcjltxiedbresfabgh', Decimal('5.00'))
    ('rbctljzarurfgulf', Decimal('5.00'))
    ('kcnznsixkxsgaphe', Decimal('5.00'))
    ('cgbqhgngmbdch', Decimal('5.00'))
    ('kljpywwxsndfdubrcqpuqlc', Decimal('5.00'))
    ('jcjinpboghpgivammcyn', Decimal('5.00'))
    ('jfmlyrardktpgrv', Decimal('5.00'))
    ('ucczsvrkotiyqihrgcg', Decimal('5.00'))
    ('pqvvaksgsyuxjnbh', Decimal('5.00'))
    ('fslwntvfqtfgs', Decimal('5.00'))
    ('ezkzqvejmzfajlnwa', Decimal('5.00'))
    ('zbxblrmislahvtngy', Decimal('5.00'))
    ('drbgnoocfjobgzvhrkycn', Decimal('5.00'))
    ('ymqzrqdwramlxaif', Decimal('5.00'))
    ('uegabfpxujikwyqqawp', Decimal('5.00'))
    ('nawdmhlmjsdywcxkw', Decimal('5.00'))
    ('nfndggnyrbiwh', Decimal('5.00'))
    ('jdtseaejgofesfi', Decimal('5.00'))
    ('pibvmntluycpw', Decimal('5.00'))
    ('rggvimtyfljmgddbvsn', Decimal('5.00'))
    ('muxumiebomkiczkiqv', Decimal('5.00'))
    ('iwanebrtqzdbblclep', Decimal('5.00'))
    ('sfcuqtcslwrcxgkxlrsezs', Decimal('5.00'))
    ('cjgimxhqxqvsnedlpms', Decimal('5.00'))
    ('jhlvweibvotwtjdsihiusgy', Decimal('5.00'))
    ('nlzqftfcmyhxgbd', Decimal('5.00'))
    ('ellsovbwawyzxqmlnwn', Decimal('5.00'))
    ('bbhpuphxpmlodmbr', Decimal('5.00'))
    ('fwerkfjcdkwrycafde', Decimal('5.00'))
    ('zcpjmlplodhxvfevrmtzl', Decimal('5.00'))
    ('wnvbyiwkgtfpnudz', Decimal('5.00'))
    ('jqmnvdblqayxtuknz', Decimal('5.00'))
    ('roczbseklnbvrt', Decimal('5.00'))
    ('ohmizfymwqhdvuuftywn', Decimal('5.00'))
    ('mlajwmxbkpnrlwm', Decimal('5.00'))
    ('mjqojbnmbutkofsviti', Decimal('5.00'))
    ('fedwzclrgaziintrwbebjq', Decimal('5.00'))
    ('nhofzrfpstcviczdw', Decimal('5.00'))
    ('vvkpmmxgpozcymnlp', Decimal('5.00'))
    ('iykehbewgdnxcw', Decimal('5.00'))
PROCESSING TIME: 95 ms
District identifier (W_ID, D_ID): 7,8
Number of orders to examine: 15
Orders in S: (O_ID, O_ENTRY_D, C_FIRST, C_MIDDLE, C_LAST)
    (2980, datetime.datetime(2021, 8, 27, 9, 50, 38, 120000), 'mdpthieogzmcsqp', 'OE', 'OUGHTESEANTI')
    (2987, datetime.datetime(2021, 8, 27, 9, 50, 38, 120000), 'sylxvspskqumkws', 'OE', 'PRIPRESATION')
    (2976, datetime.datetime(2021, 8, 27, 9, 50, 38, 120000), 'vmmnjklvhynhe', 'OE', 'EINGOUGHTANTI')
    (2979, datetime.datetime(2021, 8, 27, 9, 50, 38, 120000), 'poiplblftznr', 'OE', 'PRESOUGHTOUGHT')
    (2983, datetime.datetime(2021, 8, 27, 9, 50, 38, 120000), 'axdxpjvalcfyhvy', 'OE', 'ABLEANTIBAR')
    (2986, datetime.datetime(2021, 8, 27, 9, 50, 38, 120000), 'guykgbkoxgh', 'OE', 'CALLYBARBAR')
    (2974, datetime.datetime(2021, 8, 27, 9, 50, 38, 120000), 'ydyuhwevjmxz', 'OE', 'ANTIPRIANTI')
    (2975, datetime.datetime(2021, 8, 27, 9, 50, 38, 120000), 'ovdpfgbl', 'OE', 'ANTIANTIATION')
    (2977, datetime.datetime(2021, 8, 27, 9, 50, 38, 120000), 'fgldqymznr', 'OE', 'OUGHTOUGHTANTI')
    (2978, datetime.datetime(2021, 8, 27, 9, 50, 38, 120000), 'xnlvkdtk', 'OE', 'OUGHTCALLYEING')
    (2981, datetime.datetime(2021, 8, 27, 9, 50, 38, 120000), 'behhhaicxsuoumb', 'OE', 'ATIONEINGANTI')
    (2982, datetime.datetime(2021, 8, 27, 9, 50, 38, 120000), 'ecmjcqp', 'OE', 'PRIPRESABLE')
    (2984, datetime.datetime(2021, 8, 27, 9, 50, 38, 120000), 'zvruhngskutqhyh', 'OE', 'ATIONABLECALLY')
    (2985, datetime.datetime(2021, 8, 27, 9, 50, 38, 120000), 'llrrxwxarseupbg', 'OE', 'EINGATIONPRES')
    (2988, datetime.datetime(2021, 8, 27, 9, 50, 38, 120000), 'zvuzamrtn', 'OE', 'PRESOUGHTABLE')
Popular items (I_NAME, OL_QUANTITY):
    ('qttjmyhlpypofevbssehr', 267, 5.0)
    ('aivmsqwhvpdnpzsu', 1383, 5.0)
    ('yjpbvbleioakbxiyv', 2384, 5.0)
    ('cobhmqhzyyfuyfhlnlrcwuh', 2563, 5.0)
    ('bubkkcoteodsk', 2624, 5.0)
    ('okdnnilbwvwyvbwt', 2822, 5.0)
    ('eiuqxlusahftxjzvnzsdtj', 2898, 5.0)
    ('fwmqnqzsxpenuurkorukeh', 4441, 5.0)
    ('wtgsdqgqtafjejonfm', 5660, 5.0)
    ('psydvesjtmtvroh', 6377, 5.0)
    ('zlxhwtywsxkcq', 6749, 5.0)
    ('rtvazidmlsxwqagk', 7493, 5.0)
    ('eslwuosmucoewdtghmqj', 7956, 5.0)
    ('ciuochxxooishgewicndxqg', 9618, 5.0)
    ('yvrdxhxcyqxmcfsaws', 10742, 5.0)
    ('gtrdtktqarphulag', 10793, 5.0)
    ('ywblmvpiidftjkvgec', 11816, 5.0)
    ('intnvoafbwgelodztkqqcf', 12252, 5.0)
    ('qxrcoxqkovorgna', 12796, 5.0)
    ('jodbtcggekwusivztauo', 13534, 5.0)
    ('wkjnreiwloviugyons', 14002, 5.0)
    ('nqponoqgnngysr', 14074, 5.0)
    ('rrxtbkwwtgmfjia', 14712, 5.0)
    ('xzviydvbfqvkkdfz', 14830, 5.0)
    ('qrarfmcbsrqhh', 16044, 5.0)
    ('fbqbyybstpvrgxdxlmrwm', 16097, 5.0)
    ('hwnqilhqhuygx', 17031, 5.0)
    ('ggrhijoqqfycn', 17192, 5.0)
    ('ocpesnuxgwznngawmlxkn', 18515, 5.0)
    ('ubufgftcawzfm', 18600, 5.0)
    ('gjvirhrvgeceaiswjzwoonk', 18784, 5.0)
    ('jsyzkqewlecskwovyemicpl', 18947, 5.0)
    ('pswhinbettutfcnbhhetobd', 18971, 5.0)
    ('stigzzpgeigsfjntfbf', 19221, 5.0)
    ('lrqxpckboyxexwwqfwc', 21113, 5.0)
    ('zbkspsoplhidyldlw', 21305, 5.0)
    ('hymrbcrwyejpwzdzq', 21398, 5.0)
    ('wcurugspqmzzpku', 23052, 5.0)
    ('wmdnnhgxxlruhbbpwi', 23180, 5.0)
    ('ozcaohkjozrdzudsfpntmv', 23395, 5.0)
    ('bpduobehiuvwcyqmzvjah', 24305, 5.0)
    ('tttalvdxwxwfovuune', 24478, 5.0)
    ('xrxujaahukcynmnvl', 25432, 5.0)
    ('vkvqzyaaytmviaalquyxev', 25500, 5.0)
    ('arusbrolhrvifazkjzzkch', 25727, 5.0)
    ('vytzniniiebkujgrz', 26754, 5.0)
    ('nophywplusyzwzhoeobqxp', 27472, 5.0)
    ('mvybeottzivgykpeqlz', 27617, 5.0)
    ('itfhmfdohwhyfgskts', 27837, 5.0)
    ('khurkmlfmjqckmhv', 28324, 5.0)
    ('jeinydwppfsugyowt', 28935, 5.0)
    ('igifzpocvzmdfflskcpwt', 29049, 5.0)
    ('bvuznxldzvhadzj', 29996, 5.0)
    ('zcyhexfsnzmnjh', 30878, 5.0)
    ('ncmreyadjmscsgamxg', 30998, 5.0)
    ('odaiucdpaqrqyhwj', 31082, 5.0)
    ('niwwxkokfqqqxzcgoyedvcn', 31988, 5.0)
    ('fczrbgbrsrxylexnxxz', 33154, 5.0)
    ('jcexlyrqolepjscquvo', 34998, 5.0)
    ('whlistuzystlzodkuvsjoj', 35354, 5.0)
    ('tyrrynbtrcdamvtxsyl', 35513, 5.0)
    ('siyjdthrklxli', 36027, 5.0)
    ('qllkfuzrvcdulf', 36057, 5.0)
    ('qtghxzfadaiol', 36290, 5.0)
    ('scszzagdvcylwxons', 38736, 5.0)
    ('iqwqwhhrxlemv', 39013, 5.0)
    ('nmxygxhjbtqjutgpijoxscn', 39506, 5.0)
    ('ckwqiybivzlofgjtj', 39931, 5.0)
    ('ovrbvubcefqnbjtjlajbz', 40057, 5.0)
    ('dtwboopbmexdlxswzefzy', 40609, 5.0)
    ('twtiwdptkdfpwkevutgp', 40775, 5.0)
    ('aiiukfdvpnbbahj', 40832, 5.0)
    ('fcglzondqykcfljebli', 41354, 5.0)
    ('yorrlvbemkcqpsmvwk', 41358, 5.0)
    ('otwljcambfazowpllvzrj', 41607, 5.0)
    ('bbrvyccpdmfrqhyvmfmuevo', 42559, 5.0)
    ('rlbwukeocbjtxcduwtwio', 43417, 5.0)
    ('bnlrveoxbzcvfucxhega', 43742, 5.0)
    ('msktcmvkowytxk', 43923, 5.0)
    ('zlswvbmxsnodkrcqnybqhqx', 44311, 5.0)
    ('nmntdoogcffyfslq', 44867, 5.0)
    ('nwyiadvyyvfpgzoztyeoih', 46115, 5.0)
    ('hodhhqtojfnyqku', 46423, 5.0)
    ('ljhkgjrdgqywb', 46568, 5.0)
    ('ksnnvedaqohflwo', 48652, 5.0)
    ('xxhbouxlmrspjta', 49266, 5.0)
    ('whatfpnyqluruasqmj', 49337, 5.0)
    ('wybywaevarevy', 49368, 5.0)
    ('snltrmornzbcaetoen', 51308, 5.0)
    ('phympwfirxdqadrwq', 51472, 5.0)
    ('dqgqgyoprckvkoot', 51892, 5.0)
    ('uiyxtjcpivacvfgb', 52116, 5.0)
    ('qureuezqaodytqjrt', 52468, 5.0)
    ('kbommqtbawkedjmgcw', 52757, 5.0)
    ('yzrcnsistjovje', 53037, 5.0)
    ('aisgsjhhbmncbex', 53398, 5.0)
    ('arfmjfivugzuosteeynu', 53703, 5.0)
    ('gwbmjdkthznrydjlb', 54324, 5.0)
    ('qexbtjdhbntcosea', 54448, 5.0)
    ('meqvivzhlubdmzrhrmn', 55042, 5.0)
    ('dctlimvoqhxxwlcls', 55095, 5.0)
    ('jveqephqbbxjslbqscsit', 56033, 5.0)
    ('jjwrhusrsztokhzlwa', 56682, 5.0)
    ('tyxwfdcnyucoquzss', 58077, 5.0)
    ('godvcdhvzeicufyuobzmf', 58607, 5.0)
    ('uixrvarfkqrieim', 59198, 5.0)
    ('ipqpmqsctlkwlwwj', 59231, 5.0)
    ('wddhyvlxcentlhjqclxczz', 59980, 5.0)
    ('lgfvxzqfalfqpo', 60704, 5.0)
    ('xacsgddsgkjpahspvvfq', 60862, 5.0)
    ('msaumaxdiyzxnmippnlau', 60983, 5.0)
    ('hfeprlvmdsfvbuelvatql', 61768, 5.0)
    ('calqvtnnpmwcferh', 62544, 5.0)
    ('xxjkiinqtxllmrpewlgzw', 62916, 5.0)
    ('tooritunsipmemgtsng', 63477, 5.0)
    ('yxvvhwfxekhrv', 63530, 5.0)
    ('qmvjfflnethwpzktvpcxch', 63760, 5.0)
    ('shaethcgympbcikknmwgfvd', 64216, 5.0)
    ('wsquqatdqkwtnaognzf', 64374, 5.0)
    ('pmlribautxkhwevjtgthk', 64815, 5.0)
    ('pzzzjgmxpteynrxm', 65400, 5.0)
    ('ukaawtvrxznxkmdolhewq', 68662, 5.0)
    ('rhyxivuzyvpznjdibt', 69424, 5.0)
    ('nkupkqtzkwdccqwqxlkaf', 70097, 5.0)
    ('blfhfdxuxwvpdwwq', 71187, 5.0)
    ('caqfjupmnovwczkkhqh', 72299, 5.0)
    ('uyqoxuzvzsxhnj', 72316, 5.0)
    ('fouzezbkrkpypzbx', 72331, 5.0)
    ('zplidviboemtnjiftpc', 72377, 5.0)
    ('sainbtqlkkams', 72440, 5.0)
    ('opkdjopjmlgqizcbomxfeft', 72979, 5.0)
    ('cioweibynamhelbzmijmfq', 73314, 5.0)
    ('lvrxnmiscpfckmfd', 73601, 5.0)
    ('iwzfzkqifqcixbrubqhebf', 73825, 5.0)
    ('htopbqedtoxxeev', 73907, 5.0)
    ('hursvwcikibpyuiqsnjbhgx', 74598, 5.0)
    ('lzqgyhpvbnunfwqin', 74953, 5.0)
    ('unsakmsiwrbfujhozbgba', 75327, 5.0)
    ('tkcxfniwuyahh', 76368, 5.0)
    ('kzxmygntivfewxqwsnl', 77087, 5.0)
    ('oqfioeufylbcdgnhrmrditi', 77516, 5.0)
    ('pfdxeybybrvizhoumosubul', 77933, 5.0)
    ('ggblwvgofvcrsnmkvmj', 78175, 5.0)
    ('jdloyxdvcojbtsket', 78909, 5.0)
    ('oxibamsssioljrlczyi', 79341, 5.0)
    ('kdlcskfkbcnbutvjowsar', 79489, 5.0)
    ('kekwenclbnbwgrkrh', 79629, 5.0)
    ('vaatfwssjrfnqpagxjdggg', 79961, 5.0)
    ('wzbtizecvedtxunsz', 80104, 5.0)
    ('ubuowvkxgzjnekqnf', 80420, 5.0)
    ('ckfuakfwvaptyv', 80687, 5.0)
    ('lfjunkldfexsbvctipice', 81786, 5.0)
    ('znmhmmfcwrpexvqipyo', 82085, 5.0)
    ('xlsndfcxyiveb', 82580, 5.0)
    ('osxcymzfcmguekt', 83113, 5.0)
    ('uhsmtmlozrskmd', 83565, 5.0)
    ('ysgsfhykezxyruc', 84780, 5.0)
    ('phrlzdqqptynwk', 86028, 5.0)
    ('jlfnbdcwsrcymca', 86795, 5.0)
    ('vpowfmtogvjlqmhhlrvvhbb', 87730, 5.0)
    ('qurtnmtexajppeztm', 87804, 5.0)
    ('zpequicxxdbkwctr', 89514, 5.0)
    ('evowppiopjlyxcw', 89546, 5.0)
    ('uotzldfizitpsae', 89574, 5.0)
    ('cdlzzafhiaspfgyatgqxo', 90315, 5.0)
    ('uegabfpxujikwyqqawp', 90775, 5.0)
    ('fvgrjpavfufwycwwwxjnvh', 92077, 5.0)
    ('zqhexjanzizciqkhvrpafq', 94056, 5.0)
    ('yynajyzxsnezhuodit', 97401, 5.0)
    ('euetrysoblslzzfjtbvlrze', 97617, 5.0)
    ('gdoeeqfgcmtmzvhhtfapu', 97808, 5.0)
    ('lxqibyniojypjt', 98189, 5.0)
    ('bhpqryebxfjokozc', 98636, 5.0)
Percentage of examined orders that contain each popular item (I_NAME, percentage):
    ('qttjmyhlpypofevbssehr', Decimal('6.666666666666666666700'))
    ('aivmsqwhvpdnpzsu', Decimal('6.666666666666666666700'))
    ('yjpbvbleioakbxiyv', Decimal('6.666666666666666666700'))
    ('cobhmqhzyyfuyfhlnlrcwuh', Decimal('6.666666666666666666700'))
    ('bubkkcoteodsk', Decimal('6.666666666666666666700'))
    ('okdnnilbwvwyvbwt', Decimal('6.666666666666666666700'))
    ('eiuqxlusahftxjzvnzsdtj', Decimal('6.666666666666666666700'))
    ('fwmqnqzsxpenuurkorukeh', Decimal('6.666666666666666666700'))
    ('wtgsdqgqtafjejonfm', Decimal('6.666666666666666666700'))
    ('psydvesjtmtvroh', Decimal('6.666666666666666666700'))
    ('zlxhwtywsxkcq', Decimal('6.666666666666666666700'))
    ('rtvazidmlsxwqagk', Decimal('6.666666666666666666700'))
    ('eslwuosmucoewdtghmqj', Decimal('6.666666666666666666700'))
    ('ciuochxxooishgewicndxqg', Decimal('6.666666666666666666700'))
    ('yvrdxhxcyqxmcfsaws', Decimal('6.666666666666666666700'))
    ('gtrdtktqarphulag', Decimal('6.666666666666666666700'))
    ('ywblmvpiidftjkvgec', Decimal('6.666666666666666666700'))
    ('intnvoafbwgelodztkqqcf', Decimal('6.666666666666666666700'))
    ('qxrcoxqkovorgna', Decimal('6.666666666666666666700'))
    ('jodbtcggekwusivztauo', Decimal('6.666666666666666666700'))
    ('wkjnreiwloviugyons', Decimal('6.666666666666666666700'))
    ('nqponoqgnngysr', Decimal('6.666666666666666666700'))
    ('rrxtbkwwtgmfjia', Decimal('6.666666666666666666700'))
    ('xzviydvbfqvkkdfz', Decimal('6.666666666666666666700'))
    ('qrarfmcbsrqhh', Decimal('6.666666666666666666700'))
    ('fbqbyybstpvrgxdxlmrwm', Decimal('6.666666666666666666700'))
    ('hwnqilhqhuygx', Decimal('6.666666666666666666700'))
    ('ggrhijoqqfycn', Decimal('6.666666666666666666700'))
    ('ocpesnuxgwznngawmlxkn', Decimal('6.666666666666666666700'))
    ('ubufgftcawzfm', Decimal('6.666666666666666666700'))
    ('gjvirhrvgeceaiswjzwoonk', Decimal('6.666666666666666666700'))
    ('jsyzkqewlecskwovyemicpl', Decimal('6.666666666666666666700'))
    ('pswhinbettutfcnbhhetobd', Decimal('6.666666666666666666700'))
    ('stigzzpgeigsfjntfbf', Decimal('6.666666666666666666700'))
    ('lrqxpckboyxexwwqfwc', Decimal('6.666666666666666666700'))
    ('zbkspsoplhidyldlw', Decimal('6.666666666666666666700'))
    ('hymrbcrwyejpwzdzq', Decimal('6.666666666666666666700'))
    ('wcurugspqmzzpku', Decimal('6.666666666666666666700'))
    ('wmdnnhgxxlruhbbpwi', Decimal('6.666666666666666666700'))
    ('ozcaohkjozrdzudsfpntmv', Decimal('6.666666666666666666700'))
    ('bpduobehiuvwcyqmzvjah', Decimal('6.666666666666666666700'))
    ('tttalvdxwxwfovuune', Decimal('6.666666666666666666700'))
    ('xrxujaahukcynmnvl', Decimal('6.666666666666666666700'))
    ('vkvqzyaaytmviaalquyxev', Decimal('6.666666666666666666700'))
    ('arusbrolhrvifazkjzzkch', Decimal('6.666666666666666666700'))
    ('vytzniniiebkujgrz', Decimal('6.666666666666666666700'))
    ('nophywplusyzwzhoeobqxp', Decimal('6.666666666666666666700'))
    ('mvybeottzivgykpeqlz', Decimal('6.666666666666666666700'))
    ('itfhmfdohwhyfgskts', Decimal('6.666666666666666666700'))
    ('khurkmlfmjqckmhv', Decimal('6.666666666666666666700'))
    ('jeinydwppfsugyowt', Decimal('6.666666666666666666700'))
    ('igifzpocvzmdfflskcpwt', Decimal('6.666666666666666666700'))
    ('bvuznxldzvhadzj', Decimal('6.666666666666666666700'))
    ('zcyhexfsnzmnjh', Decimal('6.666666666666666666700'))
    ('ncmreyadjmscsgamxg', Decimal('6.666666666666666666700'))
    ('odaiucdpaqrqyhwj', Decimal('6.666666666666666666700'))
    ('niwwxkokfqqqxzcgoyedvcn', Decimal('6.666666666666666666700'))
    ('fczrbgbrsrxylexnxxz', Decimal('6.666666666666666666700'))
    ('jcexlyrqolepjscquvo', Decimal('6.666666666666666666700'))
    ('whlistuzystlzodkuvsjoj', Decimal('6.666666666666666666700'))
    ('tyrrynbtrcdamvtxsyl', Decimal('6.666666666666666666700'))
    ('siyjdthrklxli', Decimal('6.666666666666666666700'))
    ('qllkfuzrvcdulf', Decimal('6.666666666666666666700'))
    ('qtghxzfadaiol', Decimal('6.666666666666666666700'))
    ('scszzagdvcylwxons', Decimal('6.666666666666666666700'))
    ('iqwqwhhrxlemv', Decimal('6.666666666666666666700'))
    ('nmxygxhjbtqjutgpijoxscn', Decimal('6.666666666666666666700'))
    ('ckwqiybivzlofgjtj', Decimal('6.666666666666666666700'))
    ('ovrbvubcefqnbjtjlajbz', Decimal('6.666666666666666666700'))
    ('dtwboopbmexdlxswzefzy', Decimal('6.666666666666666666700'))
    ('twtiwdptkdfpwkevutgp', Decimal('6.666666666666666666700'))
    ('aiiukfdvpnbbahj', Decimal('6.666666666666666666700'))
    ('fcglzondqykcfljebli', Decimal('6.666666666666666666700'))
    ('yorrlvbemkcqpsmvwk', Decimal('6.666666666666666666700'))
    ('otwljcambfazowpllvzrj', Decimal('6.666666666666666666700'))
    ('bbrvyccpdmfrqhyvmfmuevo', Decimal('6.666666666666666666700'))
    ('rlbwukeocbjtxcduwtwio', Decimal('6.666666666666666666700'))
    ('bnlrveoxbzcvfucxhega', Decimal('6.666666666666666666700'))
    ('msktcmvkowytxk', Decimal('6.666666666666666666700'))
    ('zlswvbmxsnodkrcqnybqhqx', Decimal('6.666666666666666666700'))
    ('nmntdoogcffyfslq', Decimal('6.666666666666666666700'))
    ('nwyiadvyyvfpgzoztyeoih', Decimal('6.666666666666666666700'))
    ('hodhhqtojfnyqku', Decimal('6.666666666666666666700'))
    ('ljhkgjrdgqywb', Decimal('6.666666666666666666700'))
    ('ksnnvedaqohflwo', Decimal('6.666666666666666666700'))
    ('xxhbouxlmrspjta', Decimal('6.666666666666666666700'))
    ('whatfpnyqluruasqmj', Decimal('6.666666666666666666700'))
    ('wybywaevarevy', Decimal('6.666666666666666666700'))
    ('snltrmornzbcaetoen', Decimal('6.666666666666666666700'))
    ('phympwfirxdqadrwq', Decimal('6.666666666666666666700'))
    ('dqgqgyoprckvkoot', Decimal('6.666666666666666666700'))
    ('uiyxtjcpivacvfgb', Decimal('6.666666666666666666700'))
    ('qureuezqaodytqjrt', Decimal('6.666666666666666666700'))
    ('kbommqtbawkedjmgcw', Decimal('6.666666666666666666700'))
    ('yzrcnsistjovje', Decimal('6.666666666666666666700'))
    ('aisgsjhhbmncbex', Decimal('6.666666666666666666700'))
    ('arfmjfivugzuosteeynu', Decimal('6.666666666666666666700'))
    ('gwbmjdkthznrydjlb', Decimal('6.666666666666666666700'))
    ('qexbtjdhbntcosea', Decimal('6.666666666666666666700'))
    ('meqvivzhlubdmzrhrmn', Decimal('6.666666666666666666700'))
    ('dctlimvoqhxxwlcls', Decimal('6.666666666666666666700'))
    ('jveqephqbbxjslbqscsit', Decimal('6.666666666666666666700'))
    ('jjwrhusrsztokhzlwa', Decimal('6.666666666666666666700'))
    ('tyxwfdcnyucoquzss', Decimal('6.666666666666666666700'))
    ('godvcdhvzeicufyuobzmf', Decimal('6.666666666666666666700'))
    ('uixrvarfkqrieim', Decimal('6.666666666666666666700'))
    ('ipqpmqsctlkwlwwj', Decimal('6.666666666666666666700'))
    ('wddhyvlxcentlhjqclxczz', Decimal('6.666666666666666666700'))
    ('lgfvxzqfalfqpo', Decimal('6.666666666666666666700'))
    ('xacsgddsgkjpahspvvfq', Decimal('6.666666666666666666700'))
    ('msaumaxdiyzxnmippnlau', Decimal('6.666666666666666666700'))
    ('hfeprlvmdsfvbuelvatql', Decimal('6.666666666666666666700'))
    ('calqvtnnpmwcferh', Decimal('6.666666666666666666700'))
    ('xxjkiinqtxllmrpewlgzw', Decimal('6.666666666666666666700'))
    ('tooritunsipmemgtsng', Decimal('6.666666666666666666700'))
    ('yxvvhwfxekhrv', Decimal('6.666666666666666666700'))
    ('qmvjfflnethwpzktvpcxch', Decimal('6.666666666666666666700'))
    ('shaethcgympbcikknmwgfvd', Decimal('6.666666666666666666700'))
    ('wsquqatdqkwtnaognzf', Decimal('6.666666666666666666700'))
    ('pmlribautxkhwevjtgthk', Decimal('6.666666666666666666700'))
    ('pzzzjgmxpteynrxm', Decimal('6.666666666666666666700'))
    ('ukaawtvrxznxkmdolhewq', Decimal('6.666666666666666666700'))
    ('rhyxivuzyvpznjdibt', Decimal('6.666666666666666666700'))
    ('nkupkqtzkwdccqwqxlkaf', Decimal('6.666666666666666666700'))
    ('blfhfdxuxwvpdwwq', Decimal('6.666666666666666666700'))
    ('caqfjupmnovwczkkhqh', Decimal('6.666666666666666666700'))
    ('uyqoxuzvzsxhnj', Decimal('6.666666666666666666700'))
    ('fouzezbkrkpypzbx', Decimal('6.666666666666666666700'))
    ('zplidviboemtnjiftpc', Decimal('6.666666666666666666700'))
    ('sainbtqlkkams', Decimal('6.666666666666666666700'))
    ('opkdjopjmlgqizcbomxfeft', Decimal('6.666666666666666666700'))
    ('cioweibynamhelbzmijmfq', Decimal('6.666666666666666666700'))
    ('lvrxnmiscpfckmfd', Decimal('6.666666666666666666700'))
    ('iwzfzkqifqcixbrubqhebf', Decimal('6.666666666666666666700'))
    ('htopbqedtoxxeev', Decimal('6.666666666666666666700'))
    ('hursvwcikibpyuiqsnjbhgx', Decimal('6.666666666666666666700'))
    ('lzqgyhpvbnunfwqin', Decimal('6.666666666666666666700'))
    ('unsakmsiwrbfujhozbgba', Decimal('6.666666666666666666700'))
    ('tkcxfniwuyahh', Decimal('6.666666666666666666700'))
    ('kzxmygntivfewxqwsnl', Decimal('6.666666666666666666700'))
    ('oqfioeufylbcdgnhrmrditi', Decimal('6.666666666666666666700'))
    ('pfdxeybybrvizhoumosubul', Decimal('6.666666666666666666700'))
    ('ggblwvgofvcrsnmkvmj', Decimal('6.666666666666666666700'))
    ('jdloyxdvcojbtsket', Decimal('6.666666666666666666700'))
    ('oxibamsssioljrlczyi', Decimal('6.666666666666666666700'))
    ('kdlcskfkbcnbutvjowsar', Decimal('6.666666666666666666700'))
    ('kekwenclbnbwgrkrh', Decimal('6.666666666666666666700'))
    ('vaatfwssjrfnqpagxjdggg', Decimal('6.666666666666666666700'))
    ('wzbtizecvedtxunsz', Decimal('6.666666666666666666700'))
    ('ubuowvkxgzjnekqnf', Decimal('6.666666666666666666700'))
    ('ckfuakfwvaptyv', Decimal('6.666666666666666666700'))
    ('lfjunkldfexsbvctipice', Decimal('6.666666666666666666700'))
    ('znmhmmfcwrpexvqipyo', Decimal('6.666666666666666666700'))
    ('xlsndfcxyiveb', Decimal('6.666666666666666666700'))
    ('osxcymzfcmguekt', Decimal('6.666666666666666666700'))
    ('uhsmtmlozrskmd', Decimal('6.666666666666666666700'))
    ('ysgsfhykezxyruc', Decimal('6.666666666666666666700'))
    ('phrlzdqqptynwk', Decimal('6.666666666666666666700'))
    ('jlfnbdcwsrcymca', Decimal('6.666666666666666666700'))
    ('vpowfmtogvjlqmhhlrvvhbb', Decimal('6.666666666666666666700'))
    ('qurtnmtexajppeztm', Decimal('6.666666666666666666700'))
    ('zpequicxxdbkwctr', Decimal('6.666666666666666666700'))
    ('evowppiopjlyxcw', Decimal('6.666666666666666666700'))
    ('uotzldfizitpsae', Decimal('6.666666666666666666700'))
    ('cdlzzafhiaspfgyatgqxo', Decimal('6.666666666666666666700'))
    ('uegabfpxujikwyqqawp', Decimal('6.666666666666666666700'))
    ('fvgrjpavfufwycwwwxjnvh', Decimal('6.666666666666666666700'))
    ('zqhexjanzizciqkhvrpafq', Decimal('6.666666666666666666700'))
    ('yynajyzxsnezhuodit', Decimal('6.666666666666666666700'))
    ('euetrysoblslzzfjtbvlrze', Decimal('6.666666666666666666700'))
    ('gdoeeqfgcmtmzvhhtfapu', Decimal('6.666666666666666666700'))
    ('lxqibyniojypjt', Decimal('6.666666666666666666700'))
    ('bhpqryebxfjokozc', Decimal('6.666666666666666666700'))
PROCESSING TIME: 66 ms
1 229 2.29e-07 13100436.681222707 7.633333333333334e-05 6.8e-05 9.5e-05 9.5e-05
